Release 14.7 - xst P.20131013 (lin64)
Copyright (c) 1995-2013 Xilinx, Inc.  All rights reserved.
--> 
Parameter TMPDIR set to xst/projnav.tmp


Total REAL time to Xst completion: 0.00 secs
Total CPU time to Xst completion: 0.02 secs
 
--> 
Parameter xsthdpdir set to xst


Total REAL time to Xst completion: 0.00 secs
Total CPU time to Xst completion: 0.02 secs
 
--> 
Reading design: todo.prj

TABLE OF CONTENTS
  1) Synthesis Options Summary
  2) HDL Compilation
  3) Design Hierarchy Analysis
  4) HDL Analysis
  5) HDL Synthesis
     5.1) HDL Synthesis Report
  6) Advanced HDL Synthesis
     6.1) Advanced HDL Synthesis Report
  7) Low Level Synthesis
  8) Partition Report
  9) Final Report
	9.1) Device utilization summary
	9.2) Partition Resource Summary
	9.3) TIMING REPORT


=========================================================================
*                      Synthesis Options Summary                        *
=========================================================================
---- Source Parameters
Input File Name                    : "todo.prj"
Input Format                       : mixed
Ignore Synthesis Constraint File   : NO

---- Target Parameters
Output File Name                   : "todo"
Output Format                      : NGC
Target Device                      : xc3s500e-4-fg320

---- Source Options
Top Module Name                    : todo
Automatic FSM Extraction           : YES
FSM Encoding Algorithm             : Auto
Safe Implementation                : No
FSM Style                          : LUT
RAM Extraction                     : Yes
RAM Style                          : Auto
ROM Extraction                     : Yes
Mux Style                          : Auto
Decoder Extraction                 : YES
Priority Encoder Extraction        : Yes
Shift Register Extraction          : YES
Logical Shifter Extraction         : YES
XOR Collapsing                     : YES
ROM Style                          : Auto
Mux Extraction                     : Yes
Resource Sharing                   : YES
Asynchronous To Synchronous        : NO
Multiplier Style                   : Auto
Automatic Register Balancing       : No

---- Target Options
Add IO Buffers                     : YES
Global Maximum Fanout              : 100000
Add Generic Clock Buffer(BUFG)     : 24
Register Duplication               : YES
Slice Packing                      : YES
Optimize Instantiated Primitives   : NO
Use Clock Enable                   : Yes
Use Synchronous Set                : Yes
Use Synchronous Reset              : Yes
Pack IO Registers into IOBs        : Auto
Equivalent register Removal        : YES

---- General Options
Optimization Goal                  : Speed
Optimization Effort                : 1
Keep Hierarchy                     : No
Netlist Hierarchy                  : As_Optimized
RTL Output                         : Yes
Global Optimization                : AllClockNets
Read Cores                         : YES
Write Timing Constraints           : NO
Cross Clock Analysis               : NO
Hierarchy Separator                : /
Bus Delimiter                      : <>
Case Specifier                     : Maintain
Slice Utilization Ratio            : 100
BRAM Utilization Ratio             : 100
Verilog 2001                       : YES
Auto BRAM Packing                  : NO
Slice Utilization Ratio Delta      : 5

=========================================================================


=========================================================================
*                          HDL Compilation                              *
=========================================================================
Compiling vhdl file "/home/leon/Documents/Code/sistemas-empotrados-S6/ISE/pb3-tarea4/kcpsm3.vhd" in Library work.
Architecture low_level_definition of Entity kcpsm3 is up to date.
Compiling vhdl file "/home/leon/Documents/Code/sistemas-empotrados-S6/ISE/pb3-tarea4/io_port.vhd" in Library work.
Architecture behavioral of Entity io_port is up to date.
Compiling vhdl file "/home/leon/Documents/Code/sistemas-empotrados-S6/ISE/pb3-tarea4/program.vhdl" in Library work.
Package <program_pkg> compiled.
Entity <program> compiled.
Entity <program> (Architecture <structure>) compiled.
Compiling vhdl file "/home/leon/Documents/Code/sistemas-empotrados-S6/ISE/pb3-tarea4/SPI_INTERFACE.vhd" in Library work.
Architecture behavioral of Entity spi_interface is up to date.
Compiling vhdl file "/home/leon/Documents/Code/sistemas-empotrados-S6/ISE/pb3-tarea4/todo.vhf" in Library work.
Architecture behavioral of Entity todo is up to date.

=========================================================================
*                     Design Hierarchy Analysis                         *
=========================================================================
Analyzing hierarchy for entity <todo> in library <work> (architecture <behavioral>).

Analyzing hierarchy for entity <kcpsm3> in library <work> (architecture <low_level_definition>).

Analyzing hierarchy for entity <io_port> in library <work> (architecture <behavioral>).

Analyzing hierarchy for entity <program> in library <work> (architecture <structure>).

Analyzing hierarchy for entity <SPI_INTERFACE> in library <work> (architecture <behavioral>).

WARNING:Xst:2591 - "/home/leon/Documents/Code/sistemas-empotrados-S6/ISE/pb3-tarea4/kcpsm3.vhd" line 289: attribute on instance <INIT> overrides generic/parameter on component. It is possible that simulator will not take this attribute into account.
WARNING:Xst:2591 - "/home/leon/Documents/Code/sistemas-empotrados-S6/ISE/pb3-tarea4/kcpsm3.vhd" line 1200: attribute on instance <INIT> overrides generic/parameter on component. It is possible that simulator will not take this attribute into account.
WARNING:Xst:2591 - "/home/leon/Documents/Code/sistemas-empotrados-S6/ISE/pb3-tarea4/kcpsm3.vhd" line 452: attribute on instance <INIT> overrides generic/parameter on component. It is possible that simulator will not take this attribute into account.
WARNING:Xst:2591 - "/home/leon/Documents/Code/sistemas-empotrados-S6/ISE/pb3-tarea4/kcpsm3.vhd" line 483: attribute on instance <INIT> overrides generic/parameter on component. It is possible that simulator will not take this attribute into account.
WARNING:Xst:2591 - "/home/leon/Documents/Code/sistemas-empotrados-S6/ISE/pb3-tarea4/kcpsm3.vhd" line 606: attribute on instance <INIT> overrides generic/parameter on component. It is possible that simulator will not take this attribute into account.
WARNING:Xst:2591 - "/home/leon/Documents/Code/sistemas-empotrados-S6/ISE/pb3-tarea4/kcpsm3.vhd" line 614: attribute on instance <INIT> overrides generic/parameter on component. It is possible that simulator will not take this attribute into account.
WARNING:Xst:2591 - "/home/leon/Documents/Code/sistemas-empotrados-S6/ISE/pb3-tarea4/kcpsm3.vhd" line 381: attribute on instance <INIT> overrides generic/parameter on component. It is possible that simulator will not take this attribute into account.
WARNING:Xst:2591 - "/home/leon/Documents/Code/sistemas-empotrados-S6/ISE/pb3-tarea4/kcpsm3.vhd" line 423: attribute on instance <INIT> overrides generic/parameter on component. It is possible that simulator will not take this attribute into account.
WARNING:Xst:2591 - "/home/leon/Documents/Code/sistemas-empotrados-S6/ISE/pb3-tarea4/kcpsm3.vhd" line 525: attribute on instance <INIT> overrides generic/parameter on component. It is possible that simulator will not take this attribute into account.
WARNING:Xst:2591 - "/home/leon/Documents/Code/sistemas-empotrados-S6/ISE/pb3-tarea4/kcpsm3.vhd" line 597: attribute on instance <INIT> overrides generic/parameter on component. It is possible that simulator will not take this attribute into account.
WARNING:Xst:2591 - "/home/leon/Documents/Code/sistemas-empotrados-S6/ISE/pb3-tarea4/kcpsm3.vhd" line 682: attribute on instance <INIT> overrides generic/parameter on component. It is possible that simulator will not take this attribute into account.
WARNING:Xst:2591 - "/home/leon/Documents/Code/sistemas-empotrados-S6/ISE/pb3-tarea4/kcpsm3.vhd" line 1109: attribute on instance <INIT> overrides generic/parameter on component. It is possible that simulator will not take this attribute into account.
WARNING:Xst:2591 - "/home/leon/Documents/Code/sistemas-empotrados-S6/ISE/pb3-tarea4/kcpsm3.vhd" line 1136: attribute on instance <INIT> overrides generic/parameter on component. It is possible that simulator will not take this attribute into account.
WARNING:Xst:2591 - "/home/leon/Documents/Code/sistemas-empotrados-S6/ISE/pb3-tarea4/kcpsm3.vhd" line 1220: attribute on instance <INIT> overrides generic/parameter on component. It is possible that simulator will not take this attribute into account.
WARNING:Xst:2591 - "/home/leon/Documents/Code/sistemas-empotrados-S6/ISE/pb3-tarea4/kcpsm3.vhd" line 1269: attribute on instance <INIT> overrides generic/parameter on component. It is possible that simulator will not take this attribute into account.
WARNING:Xst:2591 - "/home/leon/Documents/Code/sistemas-empotrados-S6/ISE/pb3-tarea4/kcpsm3.vhd" line 332: attribute on instance <INIT> overrides generic/parameter on component. It is possible that simulator will not take this attribute into account.
WARNING:Xst:2591 - "/home/leon/Documents/Code/sistemas-empotrados-S6/ISE/pb3-tarea4/kcpsm3.vhd" line 371: attribute on instance <INIT> overrides generic/parameter on component. It is possible that simulator will not take this attribute into account.
WARNING:Xst:2591 - "/home/leon/Documents/Code/sistemas-empotrados-S6/ISE/pb3-tarea4/kcpsm3.vhd" line 403: attribute on instance <INIT> overrides generic/parameter on component. It is possible that simulator will not take this attribute into account.
WARNING:Xst:2591 - "/home/leon/Documents/Code/sistemas-empotrados-S6/ISE/pb3-tarea4/kcpsm3.vhd" line 413: attribute on instance <INIT> overrides generic/parameter on component. It is possible that simulator will not take this attribute into account.
WARNING:Xst:2591 - "/home/leon/Documents/Code/sistemas-empotrados-S6/ISE/pb3-tarea4/kcpsm3.vhd" line 432: attribute on instance <INIT> overrides generic/parameter on component. It is possible that simulator will not take this attribute into account.
WARNING:Xst:2591 - "/home/leon/Documents/Code/sistemas-empotrados-S6/ISE/pb3-tarea4/kcpsm3.vhd" line 442: attribute on instance <INIT> overrides generic/parameter on component. It is possible that simulator will not take this attribute into account.
WARNING:Xst:2591 - "/home/leon/Documents/Code/sistemas-empotrados-S6/ISE/pb3-tarea4/kcpsm3.vhd" line 468: attribute on instance <INIT> overrides generic/parameter on component. It is possible that simulator will not take this attribute into account.
WARNING:Xst:2591 - "/home/leon/Documents/Code/sistemas-empotrados-S6/ISE/pb3-tarea4/kcpsm3.vhd" line 493: attribute on instance <INIT> overrides generic/parameter on component. It is possible that simulator will not take this attribute into account.
WARNING:Xst:2591 - "/home/leon/Documents/Code/sistemas-empotrados-S6/ISE/pb3-tarea4/kcpsm3.vhd" line 554: attribute on instance <INIT> overrides generic/parameter on component. It is possible that simulator will not take this attribute into account.
WARNING:Xst:2591 - "/home/leon/Documents/Code/sistemas-empotrados-S6/ISE/pb3-tarea4/kcpsm3.vhd" line 587: attribute on instance <INIT> overrides generic/parameter on component. It is possible that simulator will not take this attribute into account.
WARNING:Xst:2591 - "/home/leon/Documents/Code/sistemas-empotrados-S6/ISE/pb3-tarea4/kcpsm3.vhd" line 794: attribute on instance <INIT> overrides generic/parameter on component. It is possible that simulator will not take this attribute into account.
WARNING:Xst:2591 - "/home/leon/Documents/Code/sistemas-empotrados-S6/ISE/pb3-tarea4/kcpsm3.vhd" line 871: attribute on instance <INIT> overrides generic/parameter on component. It is possible that simulator will not take this attribute into account.
WARNING:Xst:2591 - "/home/leon/Documents/Code/sistemas-empotrados-S6/ISE/pb3-tarea4/kcpsm3.vhd" line 886: attribute on instance <INIT> overrides generic/parameter on component. It is possible that simulator will not take this attribute into account.
WARNING:Xst:2591 - "/home/leon/Documents/Code/sistemas-empotrados-S6/ISE/pb3-tarea4/kcpsm3.vhd" line 937: attribute on instance <INIT> overrides generic/parameter on component. It is possible that simulator will not take this attribute into account.
WARNING:Xst:2591 - "/home/leon/Documents/Code/sistemas-empotrados-S6/ISE/pb3-tarea4/kcpsm3.vhd" line 956: attribute on instance <INIT> overrides generic/parameter on component. It is possible that simulator will not take this attribute into account.
WARNING:Xst:2591 - "/home/leon/Documents/Code/sistemas-empotrados-S6/ISE/pb3-tarea4/kcpsm3.vhd" line 1244: attribute on instance <INIT> overrides generic/parameter on component. It is possible that simulator will not take this attribute into account.
WARNING:Xst:2591 - "/home/leon/Documents/Code/sistemas-empotrados-S6/ISE/pb3-tarea4/kcpsm3.vhd" line 1301: attribute on instance <INIT> overrides generic/parameter on component. It is possible that simulator will not take this attribute into account.
WARNING:Xst:2591 - "/home/leon/Documents/Code/sistemas-empotrados-S6/ISE/pb3-tarea4/kcpsm3.vhd" line 1311: attribute on instance <INIT> overrides generic/parameter on component. It is possible that simulator will not take this attribute into account.
WARNING:Xst:2591 - "/home/leon/Documents/Code/sistemas-empotrados-S6/ISE/pb3-tarea4/kcpsm3.vhd" line 1327: attribute on instance <INIT> overrides generic/parameter on component. It is possible that simulator will not take this attribute into account.
WARNING:Xst:2591 - "/home/leon/Documents/Code/sistemas-empotrados-S6/ISE/pb3-tarea4/kcpsm3.vhd" line 1415: attribute on instance <INIT> overrides generic/parameter on component. It is possible that simulator will not take this attribute into account.
WARNING:Xst:2591 - "/home/leon/Documents/Code/sistemas-empotrados-S6/ISE/pb3-tarea4/kcpsm3.vhd" line 1448: attribute on instance <INIT> overrides generic/parameter on component. It is possible that simulator will not take this attribute into account.
WARNING:Xst:2591 - "/home/leon/Documents/Code/sistemas-empotrados-S6/ISE/pb3-tarea4/kcpsm3.vhd" line 828: attribute on instance <INIT> overrides generic/parameter on component. It is possible that simulator will not take this attribute into account.
WARNING:Xst:2591 - "/home/leon/Documents/Code/sistemas-empotrados-S6/ISE/pb3-tarea4/kcpsm3.vhd" line 1368: attribute on instance <INIT> overrides generic/parameter on component. It is possible that simulator will not take this attribute into account.
WARNING:Xst:2591 - "/home/leon/Documents/Code/sistemas-empotrados-S6/ISE/pb3-tarea4/kcpsm3.vhd" line 906: attribute on instance <INIT> overrides generic/parameter on component. It is possible that simulator will not take this attribute into account.

=========================================================================
*                            HDL Analysis                               *
=========================================================================
Analyzing Entity <todo> in library <work> (Architecture <behavioral>).
WARNING:Xst:753 - "/home/leon/Documents/Code/sistemas-empotrados-S6/ISE/pb3-tarea4/todo.vhf" line 87: Unconnected output port 'interrupt_ack' of component 'kcpsm3'.
Entity <todo> analyzed. Unit <todo> generated.

Analyzing Entity <kcpsm3> in library <work> (Architecture <low_level_definition>).
    Set user-defined property "INIT =  1" for instance <t_state_lut> in unit <kcpsm3>.
    Set user-defined property "INIT =  0" for instance <toggle_flop> in unit <kcpsm3>.
    Set user-defined property "INIT =  1" for instance <reset_flop1> in unit <kcpsm3>.
    Set user-defined property "INIT =  1" for instance <reset_flop2> in unit <kcpsm3>.
    Set user-defined property "INIT =  0" for instance <int_capture_flop> in unit <kcpsm3>.
    Set user-defined property "INIT =  0080" for instance <int_pulse_lut> in unit <kcpsm3>.
    Set user-defined property "INIT =  0" for instance <int_flop> in unit <kcpsm3>.
    Set user-defined property "INIT =  0" for instance <ack_flop> in unit <kcpsm3>.
    Set user-defined property "INIT =  0" for instance <shadow_carry_flop> in unit <kcpsm3>.
    Set user-defined property "INIT =  0" for instance <shadow_zero_flop> in unit <kcpsm3>.
    Set user-defined property "INIT =  EAAA" for instance <int_update_lut> in unit <kcpsm3>.
    Set user-defined property "INIT =  04" for instance <int_value_lut> in unit <kcpsm3>.
    Set user-defined property "INIT =  0" for instance <int_enable_flop> in unit <kcpsm3>.
    Set user-defined property "INIT =  7400" for instance <move_group_lut> in unit <kcpsm3>.
    Set user-defined property "INIT =  5A3C" for instance <condition_met_lut> in unit <kcpsm3>.
    Set user-defined property "INIT =  2F" for instance <normal_count_lut> in unit <kcpsm3>.
    Set user-defined property "INIT =  1000" for instance <call_type_lut> in unit <kcpsm3>.
    Set user-defined property "INIT =  5400" for instance <push_pop_lut> in unit <kcpsm3>.
    Set user-defined property "INIT =  D" for instance <valid_move_lut> in unit <kcpsm3>.
    Set user-defined property "INIT =  41FC" for instance <flag_type_lut> in unit <kcpsm3>.
    Set user-defined property "INIT =  0" for instance <flag_write_flop> in unit <kcpsm3>.
    Set user-defined property "INIT =  8" for instance <flag_enable_lut> in unit <kcpsm3>.
    Set user-defined property "INIT =  0001" for instance <low_zero_lut> in unit <kcpsm3>.
    Set user-defined property "INIT =  0001" for instance <high_zero_lut> in unit <kcpsm3>.
    Set user-defined property "INIT =  3F" for instance <sel_shadow_zero_lut> in unit <kcpsm3>.
    Set user-defined property "INIT =  0" for instance <zero_flag_flop> in unit <kcpsm3>.
    Set user-defined property "INIT =  6996" for instance <low_parity_lut> in unit <kcpsm3>.
    Set user-defined property "INIT =  6996" for instance <high_parity_lut> in unit <kcpsm3>.
    Set user-defined property "INIT =  F3FF" for instance <sel_parity_lut> in unit <kcpsm3>.
    Set user-defined property "INIT =  F3" for instance <sel_arith_carry_lut> in unit <kcpsm3>.
    Set user-defined property "INIT =  C" for instance <sel_shift_carry_lut> in unit <kcpsm3>.
    Set user-defined property "INIT =  3" for instance <sel_shadow_carry_lut> in unit <kcpsm3>.
    Set user-defined property "INIT =  0" for instance <carry_flag_flop> in unit <kcpsm3>.
    Set user-defined property "INIT =  E4" for instance <pc_loop[0].vector_select_mux> in unit <kcpsm3>.
    Set user-defined property "INIT =  E4" for instance <pc_loop[0].value_select_mux> in unit <kcpsm3>.
    Set user-defined property "INIT =  0" for instance <pc_loop[0].register_bit> in unit <kcpsm3>.
    Set user-defined property "INIT =  E4" for instance <pc_loop[1].vector_select_mux> in unit <kcpsm3>.
    Set user-defined property "INIT =  E4" for instance <pc_loop[1].value_select_mux> in unit <kcpsm3>.
    Set user-defined property "INIT =  0" for instance <pc_loop[1].register_bit> in unit <kcpsm3>.
    Set user-defined property "INIT =  E4" for instance <pc_loop[2].vector_select_mux> in unit <kcpsm3>.
    Set user-defined property "INIT =  E4" for instance <pc_loop[2].value_select_mux> in unit <kcpsm3>.
    Set user-defined property "INIT =  0" for instance <pc_loop[2].register_bit> in unit <kcpsm3>.
    Set user-defined property "INIT =  E4" for instance <pc_loop[3].vector_select_mux> in unit <kcpsm3>.
    Set user-defined property "INIT =  E4" for instance <pc_loop[3].value_select_mux> in unit <kcpsm3>.
    Set user-defined property "INIT =  0" for instance <pc_loop[3].register_bit> in unit <kcpsm3>.
    Set user-defined property "INIT =  E4" for instance <pc_loop[4].vector_select_mux> in unit <kcpsm3>.
    Set user-defined property "INIT =  E4" for instance <pc_loop[4].value_select_mux> in unit <kcpsm3>.
    Set user-defined property "INIT =  0" for instance <pc_loop[4].register_bit> in unit <kcpsm3>.
    Set user-defined property "INIT =  E4" for instance <pc_loop[5].vector_select_mux> in unit <kcpsm3>.
    Set user-defined property "INIT =  E4" for instance <pc_loop[5].value_select_mux> in unit <kcpsm3>.
    Set user-defined property "INIT =  0" for instance <pc_loop[5].register_bit> in unit <kcpsm3>.
    Set user-defined property "INIT =  E4" for instance <pc_loop[6].vector_select_mux> in unit <kcpsm3>.
    Set user-defined property "INIT =  E4" for instance <pc_loop[6].value_select_mux> in unit <kcpsm3>.
    Set user-defined property "INIT =  0" for instance <pc_loop[6].register_bit> in unit <kcpsm3>.
    Set user-defined property "INIT =  E4" for instance <pc_loop[7].vector_select_mux> in unit <kcpsm3>.
    Set user-defined property "INIT =  E4" for instance <pc_loop[7].value_select_mux> in unit <kcpsm3>.
    Set user-defined property "INIT =  0" for instance <pc_loop[7].register_bit> in unit <kcpsm3>.
    Set user-defined property "INIT =  E4" for instance <pc_loop[8].vector_select_mux> in unit <kcpsm3>.
    Set user-defined property "INIT =  E4" for instance <pc_loop[8].value_select_mux> in unit <kcpsm3>.
    Set user-defined property "INIT =  0" for instance <pc_loop[8].register_bit> in unit <kcpsm3>.
    Set user-defined property "INIT =  E4" for instance <pc_loop[9].vector_select_mux> in unit <kcpsm3>.
    Set user-defined property "INIT =  E4" for instance <pc_loop[9].value_select_mux> in unit <kcpsm3>.
    Set user-defined property "INIT =  0" for instance <pc_loop[9].register_bit> in unit <kcpsm3>.
    Set user-defined property "INIT =  0145" for instance <register_type_lut> in unit <kcpsm3>.
    Set user-defined property "INIT =  0" for instance <register_write_flop> in unit <kcpsm3>.
    Set user-defined property "INIT =  8" for instance <register_enable_lut> in unit <kcpsm3>.
    Set user-defined property "INIT =  0000" for instance <reg_loop[0].register_bit> in unit <kcpsm3>.
    Set user-defined property "INIT =  E4" for instance <reg_loop[0].operand_select_mux> in unit <kcpsm3>.
    Set user-defined property "INIT =  0000" for instance <reg_loop[1].register_bit> in unit <kcpsm3>.
    Set user-defined property "INIT =  E4" for instance <reg_loop[1].operand_select_mux> in unit <kcpsm3>.
    Set user-defined property "INIT =  0000" for instance <reg_loop[2].register_bit> in unit <kcpsm3>.
    Set user-defined property "INIT =  E4" for instance <reg_loop[2].operand_select_mux> in unit <kcpsm3>.
    Set user-defined property "INIT =  0000" for instance <reg_loop[3].register_bit> in unit <kcpsm3>.
    Set user-defined property "INIT =  E4" for instance <reg_loop[3].operand_select_mux> in unit <kcpsm3>.
    Set user-defined property "INIT =  0000" for instance <reg_loop[4].register_bit> in unit <kcpsm3>.
    Set user-defined property "INIT =  E4" for instance <reg_loop[4].operand_select_mux> in unit <kcpsm3>.
    Set user-defined property "INIT =  0000" for instance <reg_loop[5].register_bit> in unit <kcpsm3>.
    Set user-defined property "INIT =  E4" for instance <reg_loop[5].operand_select_mux> in unit <kcpsm3>.
    Set user-defined property "INIT =  0000" for instance <reg_loop[6].register_bit> in unit <kcpsm3>.
    Set user-defined property "INIT =  E4" for instance <reg_loop[6].operand_select_mux> in unit <kcpsm3>.
    Set user-defined property "INIT =  0000" for instance <reg_loop[7].register_bit> in unit <kcpsm3>.
    Set user-defined property "INIT =  E4" for instance <reg_loop[7].operand_select_mux> in unit <kcpsm3>.
    Set user-defined property "INIT =  0400" for instance <memory_type_lut> in unit <kcpsm3>.
    Set user-defined property "INIT =  0" for instance <memory_write_flop> in unit <kcpsm3>.
    Set user-defined property "INIT =  8000" for instance <memory_enable_lut> in unit <kcpsm3>.
    Set user-defined property "INIT =  0000000000000000" for instance <store_loop[0].memory_bit> in unit <kcpsm3>.
    Set user-defined property "INIT =  0" for instance <store_loop[0].store_flop> in unit <kcpsm3>.
    Set user-defined property "INIT =  0000000000000000" for instance <store_loop[1].memory_bit> in unit <kcpsm3>.
    Set user-defined property "INIT =  0" for instance <store_loop[1].store_flop> in unit <kcpsm3>.
    Set user-defined property "INIT =  0000000000000000" for instance <store_loop[2].memory_bit> in unit <kcpsm3>.
    Set user-defined property "INIT =  0" for instance <store_loop[2].store_flop> in unit <kcpsm3>.
    Set user-defined property "INIT =  0000000000000000" for instance <store_loop[3].memory_bit> in unit <kcpsm3>.
    Set user-defined property "INIT =  0" for instance <store_loop[3].store_flop> in unit <kcpsm3>.
    Set user-defined property "INIT =  0000000000000000" for instance <store_loop[4].memory_bit> in unit <kcpsm3>.
    Set user-defined property "INIT =  0" for instance <store_loop[4].store_flop> in unit <kcpsm3>.
    Set user-defined property "INIT =  0000000000000000" for instance <store_loop[5].memory_bit> in unit <kcpsm3>.
    Set user-defined property "INIT =  0" for instance <store_loop[5].store_flop> in unit <kcpsm3>.
    Set user-defined property "INIT =  0000000000000000" for instance <store_loop[6].memory_bit> in unit <kcpsm3>.
    Set user-defined property "INIT =  0" for instance <store_loop[6].store_flop> in unit <kcpsm3>.
    Set user-defined property "INIT =  0000000000000000" for instance <store_loop[7].memory_bit> in unit <kcpsm3>.
    Set user-defined property "INIT =  0" for instance <store_loop[7].store_flop> in unit <kcpsm3>.
    Set user-defined property "INIT =  FFE2" for instance <sel_logical_lut> in unit <kcpsm3>.
    Set user-defined property "INIT =  6E8A" for instance <logical_loop[0].logical_lut> in unit <kcpsm3>.
    Set user-defined property "INIT =  0" for instance <logical_loop[0].logical_flop> in unit <kcpsm3>.
    Set user-defined property "INIT =  6E8A" for instance <logical_loop[1].logical_lut> in unit <kcpsm3>.
    Set user-defined property "INIT =  0" for instance <logical_loop[1].logical_flop> in unit <kcpsm3>.
    Set user-defined property "INIT =  6E8A" for instance <logical_loop[2].logical_lut> in unit <kcpsm3>.
    Set user-defined property "INIT =  0" for instance <logical_loop[2].logical_flop> in unit <kcpsm3>.
    Set user-defined property "INIT =  6E8A" for instance <logical_loop[3].logical_lut> in unit <kcpsm3>.
    Set user-defined property "INIT =  0" for instance <logical_loop[3].logical_flop> in unit <kcpsm3>.
    Set user-defined property "INIT =  6E8A" for instance <logical_loop[4].logical_lut> in unit <kcpsm3>.
    Set user-defined property "INIT =  0" for instance <logical_loop[4].logical_flop> in unit <kcpsm3>.
    Set user-defined property "INIT =  6E8A" for instance <logical_loop[5].logical_lut> in unit <kcpsm3>.
    Set user-defined property "INIT =  0" for instance <logical_loop[5].logical_flop> in unit <kcpsm3>.
    Set user-defined property "INIT =  6E8A" for instance <logical_loop[6].logical_lut> in unit <kcpsm3>.
    Set user-defined property "INIT =  0" for instance <logical_loop[6].logical_flop> in unit <kcpsm3>.
    Set user-defined property "INIT =  6E8A" for instance <logical_loop[7].logical_lut> in unit <kcpsm3>.
    Set user-defined property "INIT =  0" for instance <logical_loop[7].logical_flop> in unit <kcpsm3>.
    Set user-defined property "INIT =  E4" for instance <high_shift_in_lut> in unit <kcpsm3>.
    Set user-defined property "INIT =  E4" for instance <low_shift_in_lut> in unit <kcpsm3>.
    Set user-defined property "INIT =  E4" for instance <shift_carry_lut> in unit <kcpsm3>.
    Set user-defined property "INIT =  0" for instance <pipeline_bit> in unit <kcpsm3>.
    Set user-defined property "INIT =  E4" for instance <shift_loop[0].lsb_shift.shift_mux_lut> in unit <kcpsm3>.
    Set user-defined property "INIT =  0" for instance <shift_loop[0].shift_flop> in unit <kcpsm3>.
    Set user-defined property "INIT =  E4" for instance <shift_loop[1].mid_shift.shift_mux_lut> in unit <kcpsm3>.
    Set user-defined property "INIT =  0" for instance <shift_loop[1].shift_flop> in unit <kcpsm3>.
    Set user-defined property "INIT =  E4" for instance <shift_loop[2].mid_shift.shift_mux_lut> in unit <kcpsm3>.
    Set user-defined property "INIT =  0" for instance <shift_loop[2].shift_flop> in unit <kcpsm3>.
    Set user-defined property "INIT =  E4" for instance <shift_loop[3].mid_shift.shift_mux_lut> in unit <kcpsm3>.
    Set user-defined property "INIT =  0" for instance <shift_loop[3].shift_flop> in unit <kcpsm3>.
    Set user-defined property "INIT =  E4" for instance <shift_loop[4].mid_shift.shift_mux_lut> in unit <kcpsm3>.
    Set user-defined property "INIT =  0" for instance <shift_loop[4].shift_flop> in unit <kcpsm3>.
    Set user-defined property "INIT =  E4" for instance <shift_loop[5].mid_shift.shift_mux_lut> in unit <kcpsm3>.
    Set user-defined property "INIT =  0" for instance <shift_loop[5].shift_flop> in unit <kcpsm3>.
    Set user-defined property "INIT =  E4" for instance <shift_loop[6].mid_shift.shift_mux_lut> in unit <kcpsm3>.
    Set user-defined property "INIT =  0" for instance <shift_loop[6].shift_flop> in unit <kcpsm3>.
    Set user-defined property "INIT =  E4" for instance <shift_loop[7].msb_shift.shift_mux_lut> in unit <kcpsm3>.
    Set user-defined property "INIT =  0" for instance <shift_loop[7].shift_flop> in unit <kcpsm3>.
    Set user-defined property "INIT =  1F" for instance <sel_arith_lut> in unit <kcpsm3>.
    Set user-defined property "INIT =  6C" for instance <arith_loop[0].lsb_arith.arith_carry_in_lut> in unit <kcpsm3>.
    Set user-defined property "INIT =  96" for instance <arith_loop[0].arith_lut> in unit <kcpsm3>.
    Set user-defined property "INIT =  0" for instance <arith_loop[0].arith_flop> in unit <kcpsm3>.
    Set user-defined property "INIT =  96" for instance <arith_loop[1].arith_lut> in unit <kcpsm3>.
    Set user-defined property "INIT =  0" for instance <arith_loop[1].arith_flop> in unit <kcpsm3>.
    Set user-defined property "INIT =  96" for instance <arith_loop[2].arith_lut> in unit <kcpsm3>.
    Set user-defined property "INIT =  0" for instance <arith_loop[2].arith_flop> in unit <kcpsm3>.
    Set user-defined property "INIT =  96" for instance <arith_loop[3].arith_lut> in unit <kcpsm3>.
    Set user-defined property "INIT =  0" for instance <arith_loop[3].arith_flop> in unit <kcpsm3>.
    Set user-defined property "INIT =  96" for instance <arith_loop[4].arith_lut> in unit <kcpsm3>.
    Set user-defined property "INIT =  0" for instance <arith_loop[4].arith_flop> in unit <kcpsm3>.
    Set user-defined property "INIT =  96" for instance <arith_loop[5].arith_lut> in unit <kcpsm3>.
    Set user-defined property "INIT =  0" for instance <arith_loop[5].arith_flop> in unit <kcpsm3>.
    Set user-defined property "INIT =  96" for instance <arith_loop[6].arith_lut> in unit <kcpsm3>.
    Set user-defined property "INIT =  0" for instance <arith_loop[6].arith_flop> in unit <kcpsm3>.
WARNING:Xst:1961 - The length of the hex value for the attribute INIT on instance arith_loop[7].msb_arith.arith_carry_out_lut should be 2 bits long. The current value set is 4 bits long.  Value has been truncated
    Set user-defined property "INIT =  2" for instance <arith_loop[7].msb_arith.arith_carry_out_lut> in unit <kcpsm3>.
    Set user-defined property "INIT =  0" for instance <arith_loop[7].msb_arith.arith_carry_flop> in unit <kcpsm3>.
    Set user-defined property "INIT =  96" for instance <arith_loop[7].arith_lut> in unit <kcpsm3>.
    Set user-defined property "INIT =  0" for instance <arith_loop[7].arith_flop> in unit <kcpsm3>.
    Set user-defined property "INIT =  0002" for instance <input_fetch_type_lut> in unit <kcpsm3>.
    Set user-defined property "INIT =  0" for instance <sel_group_flop> in unit <kcpsm3>.
    Set user-defined property "INIT =  FE" for instance <alu_mux_loop[0].or_lut> in unit <kcpsm3>.
    Set user-defined property "INIT =  E4" for instance <alu_mux_loop[0].mux_lut> in unit <kcpsm3>.
    Set user-defined property "INIT =  FE" for instance <alu_mux_loop[1].or_lut> in unit <kcpsm3>.
    Set user-defined property "INIT =  E4" for instance <alu_mux_loop[1].mux_lut> in unit <kcpsm3>.
    Set user-defined property "INIT =  FE" for instance <alu_mux_loop[2].or_lut> in unit <kcpsm3>.
    Set user-defined property "INIT =  E4" for instance <alu_mux_loop[2].mux_lut> in unit <kcpsm3>.
    Set user-defined property "INIT =  FE" for instance <alu_mux_loop[3].or_lut> in unit <kcpsm3>.
    Set user-defined property "INIT =  E4" for instance <alu_mux_loop[3].mux_lut> in unit <kcpsm3>.
    Set user-defined property "INIT =  FE" for instance <alu_mux_loop[4].or_lut> in unit <kcpsm3>.
    Set user-defined property "INIT =  E4" for instance <alu_mux_loop[4].mux_lut> in unit <kcpsm3>.
    Set user-defined property "INIT =  FE" for instance <alu_mux_loop[5].or_lut> in unit <kcpsm3>.
    Set user-defined property "INIT =  E4" for instance <alu_mux_loop[5].mux_lut> in unit <kcpsm3>.
    Set user-defined property "INIT =  FE" for instance <alu_mux_loop[6].or_lut> in unit <kcpsm3>.
    Set user-defined property "INIT =  E4" for instance <alu_mux_loop[6].mux_lut> in unit <kcpsm3>.
    Set user-defined property "INIT =  FE" for instance <alu_mux_loop[7].or_lut> in unit <kcpsm3>.
    Set user-defined property "INIT =  E4" for instance <alu_mux_loop[7].mux_lut> in unit <kcpsm3>.
    Set user-defined property "INIT =  0010" for instance <io_decode_lut> in unit <kcpsm3>.
    Set user-defined property "INIT =  4000" for instance <write_active_lut> in unit <kcpsm3>.
    Set user-defined property "INIT =  0" for instance <write_strobe_flop> in unit <kcpsm3>.
    Set user-defined property "INIT =  0100" for instance <read_active_lut> in unit <kcpsm3>.
    Set user-defined property "INIT =  0" for instance <read_strobe_flop> in unit <kcpsm3>.
    Set user-defined property "INIT =  00000000" for instance <stack_ram_loop[0].stack_bit> in unit <kcpsm3>.
    Set user-defined property "INIT =  0" for instance <stack_ram_loop[0].stack_flop> in unit <kcpsm3>.
    Set user-defined property "INIT =  00000000" for instance <stack_ram_loop[1].stack_bit> in unit <kcpsm3>.
    Set user-defined property "INIT =  0" for instance <stack_ram_loop[1].stack_flop> in unit <kcpsm3>.
    Set user-defined property "INIT =  00000000" for instance <stack_ram_loop[2].stack_bit> in unit <kcpsm3>.
    Set user-defined property "INIT =  0" for instance <stack_ram_loop[2].stack_flop> in unit <kcpsm3>.
    Set user-defined property "INIT =  00000000" for instance <stack_ram_loop[3].stack_bit> in unit <kcpsm3>.
    Set user-defined property "INIT =  0" for instance <stack_ram_loop[3].stack_flop> in unit <kcpsm3>.
    Set user-defined property "INIT =  00000000" for instance <stack_ram_loop[4].stack_bit> in unit <kcpsm3>.
    Set user-defined property "INIT =  0" for instance <stack_ram_loop[4].stack_flop> in unit <kcpsm3>.
    Set user-defined property "INIT =  00000000" for instance <stack_ram_loop[5].stack_bit> in unit <kcpsm3>.
    Set user-defined property "INIT =  0" for instance <stack_ram_loop[5].stack_flop> in unit <kcpsm3>.
    Set user-defined property "INIT =  00000000" for instance <stack_ram_loop[6].stack_bit> in unit <kcpsm3>.
    Set user-defined property "INIT =  0" for instance <stack_ram_loop[6].stack_flop> in unit <kcpsm3>.
    Set user-defined property "INIT =  00000000" for instance <stack_ram_loop[7].stack_bit> in unit <kcpsm3>.
    Set user-defined property "INIT =  0" for instance <stack_ram_loop[7].stack_flop> in unit <kcpsm3>.
    Set user-defined property "INIT =  00000000" for instance <stack_ram_loop[8].stack_bit> in unit <kcpsm3>.
    Set user-defined property "INIT =  0" for instance <stack_ram_loop[8].stack_flop> in unit <kcpsm3>.
    Set user-defined property "INIT =  00000000" for instance <stack_ram_loop[9].stack_bit> in unit <kcpsm3>.
    Set user-defined property "INIT =  0" for instance <stack_ram_loop[9].stack_flop> in unit <kcpsm3>.
    Set user-defined property "INIT =  0" for instance <stack_count_loop[0].register_bit> in unit <kcpsm3>.
    Set user-defined property "INIT =  6555" for instance <stack_count_loop[0].lsb_stack_count.count_lut> in unit <kcpsm3>.
    Set user-defined property "INIT =  0" for instance <stack_count_loop[1].register_bit> in unit <kcpsm3>.
    Set user-defined property "INIT =  A999" for instance <stack_count_loop[1].mid_stack_count.count_lut> in unit <kcpsm3>.
    Set user-defined property "INIT =  0" for instance <stack_count_loop[2].register_bit> in unit <kcpsm3>.
    Set user-defined property "INIT =  A999" for instance <stack_count_loop[2].mid_stack_count.count_lut> in unit <kcpsm3>.
    Set user-defined property "INIT =  0" for instance <stack_count_loop[3].register_bit> in unit <kcpsm3>.
    Set user-defined property "INIT =  A999" for instance <stack_count_loop[3].mid_stack_count.count_lut> in unit <kcpsm3>.
    Set user-defined property "INIT =  0" for instance <stack_count_loop[4].register_bit> in unit <kcpsm3>.
    Set user-defined property "INIT =  A999" for instance <stack_count_loop[4].msb_stack_count.count_lut> in unit <kcpsm3>.
Entity <kcpsm3> analyzed. Unit <kcpsm3> generated.

Analyzing Entity <io_port> in library <work> (Architecture <behavioral>).
Entity <io_port> analyzed. Unit <io_port> generated.

Analyzing Entity <program> in library <work> (Architecture <structure>).
    Set user-defined property "INIT =  00000" for instance <rom_1024_x_18> in unit <program>.
    Set user-defined property "INITP_00 =  00000000000000000000000000000000000000000000F8888B72DCB72DCB72D3" for instance <rom_1024_x_18> in unit <program>.
    Set user-defined property "INITP_01 =  0000000000000000000000000000000000000000000000000000000000000000" for instance <rom_1024_x_18> in unit <program>.
    Set user-defined property "INITP_02 =  0000000000000000000000000000000000000000000000000000000000000000" for instance <rom_1024_x_18> in unit <program>.
    Set user-defined property "INITP_03 =  0000000000000000000000000000000000000000000000000000000000000000" for instance <rom_1024_x_18> in unit <program>.
    Set user-defined property "INITP_04 =  0000000000000000000000000000000000000000000000000000000000000000" for instance <rom_1024_x_18> in unit <program>.
    Set user-defined property "INITP_05 =  0000000000000000000000000000000000000000000000000000000000000000" for instance <rom_1024_x_18> in unit <program>.
    Set user-defined property "INITP_06 =  0000000000000000000000000000000000000000000000000000000000000000" for instance <rom_1024_x_18> in unit <program>.
    Set user-defined property "INITP_07 =  0000000000000000000000000000000000000000000000000000000000000000" for instance <rom_1024_x_18> in unit <program>.
    Set user-defined property "INIT_00 =  027DA000540BC20100050219A0005406C10100010128A0005402C001000B401E" for instance <rom_1024_x_18> in unit <program>.
    Set user-defined property "INIT_01 =  C5000554A000541AC40100140432A0005415C301000A0314A0005410C2010005" for instance <rom_1024_x_18> in unit <program>.
    Set user-defined property "INIT_02 =  00000000000000000000000000000000401E0005C5000554C5000554C5000554" for instance <rom_1024_x_18> in unit <program>.
    Set user-defined property "INIT_03 =  0000000000000000000000000000000000000000000000000000000000000000" for instance <rom_1024_x_18> in unit <program>.
    Set user-defined property "INIT_04 =  0000000000000000000000000000000000000000000000000000000000000000" for instance <rom_1024_x_18> in unit <program>.
    Set user-defined property "INIT_05 =  0000000000000000000000000000000000000000000000000000000000000000" for instance <rom_1024_x_18> in unit <program>.
    Set user-defined property "INIT_06 =  0000000000000000000000000000000000000000000000000000000000000000" for instance <rom_1024_x_18> in unit <program>.
    Set user-defined property "INIT_07 =  0000000000000000000000000000000000000000000000000000000000000000" for instance <rom_1024_x_18> in unit <program>.
    Set user-defined property "INIT_08 =  0000000000000000000000000000000000000000000000000000000000000000" for instance <rom_1024_x_18> in unit <program>.
    Set user-defined property "INIT_09 =  0000000000000000000000000000000000000000000000000000000000000000" for instance <rom_1024_x_18> in unit <program>.
    Set user-defined property "INIT_0A =  0000000000000000000000000000000000000000000000000000000000000000" for instance <rom_1024_x_18> in unit <program>.
    Set user-defined property "INIT_0B =  0000000000000000000000000000000000000000000000000000000000000000" for instance <rom_1024_x_18> in unit <program>.
    Set user-defined property "INIT_0C =  0000000000000000000000000000000000000000000000000000000000000000" for instance <rom_1024_x_18> in unit <program>.
    Set user-defined property "INIT_0D =  0000000000000000000000000000000000000000000000000000000000000000" for instance <rom_1024_x_18> in unit <program>.
    Set user-defined property "INIT_0E =  0000000000000000000000000000000000000000000000000000000000000000" for instance <rom_1024_x_18> in unit <program>.
    Set user-defined property "INIT_0F =  0000000000000000000000000000000000000000000000000000000000000000" for instance <rom_1024_x_18> in unit <program>.
    Set user-defined property "INIT_10 =  0000000000000000000000000000000000000000000000000000000000000000" for instance <rom_1024_x_18> in unit <program>.
    Set user-defined property "INIT_11 =  0000000000000000000000000000000000000000000000000000000000000000" for instance <rom_1024_x_18> in unit <program>.
    Set user-defined property "INIT_12 =  0000000000000000000000000000000000000000000000000000000000000000" for instance <rom_1024_x_18> in unit <program>.
    Set user-defined property "INIT_13 =  0000000000000000000000000000000000000000000000000000000000000000" for instance <rom_1024_x_18> in unit <program>.
    Set user-defined property "INIT_14 =  0000000000000000000000000000000000000000000000000000000000000000" for instance <rom_1024_x_18> in unit <program>.
    Set user-defined property "INIT_15 =  0000000000000000000000000000000000000000000000000000000000000000" for instance <rom_1024_x_18> in unit <program>.
    Set user-defined property "INIT_16 =  0000000000000000000000000000000000000000000000000000000000000000" for instance <rom_1024_x_18> in unit <program>.
    Set user-defined property "INIT_17 =  0000000000000000000000000000000000000000000000000000000000000000" for instance <rom_1024_x_18> in unit <program>.
    Set user-defined property "INIT_18 =  0000000000000000000000000000000000000000000000000000000000000000" for instance <rom_1024_x_18> in unit <program>.
    Set user-defined property "INIT_19 =  0000000000000000000000000000000000000000000000000000000000000000" for instance <rom_1024_x_18> in unit <program>.
    Set user-defined property "INIT_1A =  0000000000000000000000000000000000000000000000000000000000000000" for instance <rom_1024_x_18> in unit <program>.
    Set user-defined property "INIT_1B =  0000000000000000000000000000000000000000000000000000000000000000" for instance <rom_1024_x_18> in unit <program>.
    Set user-defined property "INIT_1C =  0000000000000000000000000000000000000000000000000000000000000000" for instance <rom_1024_x_18> in unit <program>.
    Set user-defined property "INIT_1D =  0000000000000000000000000000000000000000000000000000000000000000" for instance <rom_1024_x_18> in unit <program>.
    Set user-defined property "INIT_1E =  0000000000000000000000000000000000000000000000000000000000000000" for instance <rom_1024_x_18> in unit <program>.
    Set user-defined property "INIT_1F =  0000000000000000000000000000000000000000000000000000000000000000" for instance <rom_1024_x_18> in unit <program>.
    Set user-defined property "INIT_20 =  0000000000000000000000000000000000000000000000000000000000000000" for instance <rom_1024_x_18> in unit <program>.
    Set user-defined property "INIT_21 =  0000000000000000000000000000000000000000000000000000000000000000" for instance <rom_1024_x_18> in unit <program>.
    Set user-defined property "INIT_22 =  0000000000000000000000000000000000000000000000000000000000000000" for instance <rom_1024_x_18> in unit <program>.
    Set user-defined property "INIT_23 =  0000000000000000000000000000000000000000000000000000000000000000" for instance <rom_1024_x_18> in unit <program>.
    Set user-defined property "INIT_24 =  0000000000000000000000000000000000000000000000000000000000000000" for instance <rom_1024_x_18> in unit <program>.
    Set user-defined property "INIT_25 =  0000000000000000000000000000000000000000000000000000000000000000" for instance <rom_1024_x_18> in unit <program>.
    Set user-defined property "INIT_26 =  0000000000000000000000000000000000000000000000000000000000000000" for instance <rom_1024_x_18> in unit <program>.
    Set user-defined property "INIT_27 =  0000000000000000000000000000000000000000000000000000000000000000" for instance <rom_1024_x_18> in unit <program>.
    Set user-defined property "INIT_28 =  0000000000000000000000000000000000000000000000000000000000000000" for instance <rom_1024_x_18> in unit <program>.
    Set user-defined property "INIT_29 =  0000000000000000000000000000000000000000000000000000000000000000" for instance <rom_1024_x_18> in unit <program>.
    Set user-defined property "INIT_2A =  0000000000000000000000000000000000000000000000000000000000000000" for instance <rom_1024_x_18> in unit <program>.
    Set user-defined property "INIT_2B =  0000000000000000000000000000000000000000000000000000000000000000" for instance <rom_1024_x_18> in unit <program>.
    Set user-defined property "INIT_2C =  0000000000000000000000000000000000000000000000000000000000000000" for instance <rom_1024_x_18> in unit <program>.
    Set user-defined property "INIT_2D =  0000000000000000000000000000000000000000000000000000000000000000" for instance <rom_1024_x_18> in unit <program>.
    Set user-defined property "INIT_2E =  0000000000000000000000000000000000000000000000000000000000000000" for instance <rom_1024_x_18> in unit <program>.
    Set user-defined property "INIT_2F =  0000000000000000000000000000000000000000000000000000000000000000" for instance <rom_1024_x_18> in unit <program>.
    Set user-defined property "INIT_30 =  0000000000000000000000000000000000000000000000000000000000000000" for instance <rom_1024_x_18> in unit <program>.
    Set user-defined property "INIT_31 =  0000000000000000000000000000000000000000000000000000000000000000" for instance <rom_1024_x_18> in unit <program>.
    Set user-defined property "INIT_32 =  0000000000000000000000000000000000000000000000000000000000000000" for instance <rom_1024_x_18> in unit <program>.
    Set user-defined property "INIT_33 =  0000000000000000000000000000000000000000000000000000000000000000" for instance <rom_1024_x_18> in unit <program>.
    Set user-defined property "INIT_34 =  0000000000000000000000000000000000000000000000000000000000000000" for instance <rom_1024_x_18> in unit <program>.
    Set user-defined property "INIT_35 =  0000000000000000000000000000000000000000000000000000000000000000" for instance <rom_1024_x_18> in unit <program>.
    Set user-defined property "INIT_36 =  0000000000000000000000000000000000000000000000000000000000000000" for instance <rom_1024_x_18> in unit <program>.
    Set user-defined property "INIT_37 =  0000000000000000000000000000000000000000000000000000000000000000" for instance <rom_1024_x_18> in unit <program>.
    Set user-defined property "INIT_38 =  0000000000000000000000000000000000000000000000000000000000000000" for instance <rom_1024_x_18> in unit <program>.
    Set user-defined property "INIT_39 =  0000000000000000000000000000000000000000000000000000000000000000" for instance <rom_1024_x_18> in unit <program>.
    Set user-defined property "INIT_3A =  0000000000000000000000000000000000000000000000000000000000000000" for instance <rom_1024_x_18> in unit <program>.
    Set user-defined property "INIT_3B =  0000000000000000000000000000000000000000000000000000000000000000" for instance <rom_1024_x_18> in unit <program>.
    Set user-defined property "INIT_3C =  0000000000000000000000000000000000000000000000000000000000000000" for instance <rom_1024_x_18> in unit <program>.
    Set user-defined property "INIT_3D =  0000000000000000000000000000000000000000000000000000000000000000" for instance <rom_1024_x_18> in unit <program>.
    Set user-defined property "INIT_3E =  0000000000000000000000000000000000000000000000000000000000000000" for instance <rom_1024_x_18> in unit <program>.
    Set user-defined property "INIT_3F =  0000000000000000000000000000000000000000000000000000000000000000" for instance <rom_1024_x_18> in unit <program>.
    Set user-defined property "SRVAL =  00000" for instance <rom_1024_x_18> in unit <program>.
    Set user-defined property "WRITE_MODE =  WRITE_FIRST" for instance <rom_1024_x_18> in unit <program>.
Entity <program> analyzed. Unit <program> generated.

Analyzing Entity <SPI_INTERFACE> in library <work> (Architecture <behavioral>).
WARNING:Xst:819 - "/home/leon/Documents/Code/sistemas-empotrados-S6/ISE/pb3-tarea4/SPI_INTERFACE.vhd" line 51: One or more signals are missing in the process sensitivity list. To enable synthesis of FPGA/CPLD hardware, XST will assume that all necessary signals are present in the sensitivity list. Please note that the result of the synthesis may differ from the initial design specification. The missing signals are:
   <count>, <bcount>
Entity <SPI_INTERFACE> analyzed. Unit <SPI_INTERFACE> generated.


=========================================================================
*                           HDL Synthesis                               *
=========================================================================

Performing bidirectional port resolution...

Synthesizing Unit <io_port>.
    Related source file is "/home/leon/Documents/Code/sistemas-empotrados-S6/ISE/pb3-tarea4/io_port.vhd".
    Found 8-bit register for signal <output_v>.
    Summary:
	inferred   8 D-type flip-flop(s).
Unit <io_port> synthesized.


Synthesizing Unit <SPI_INTERFACE>.
    Related source file is "/home/leon/Documents/Code/sistemas-empotrados-S6/ISE/pb3-tarea4/SPI_INTERFACE.vhd".
    Found 1-bit register for signal <CS>.
    Found 1-bit register for signal <MOSI>.
    Found 1-bit register for signal <SCLK>.
    Found 3-bit down counter for signal <bcount>.
    Found 3-bit up counter for signal <count>.
    Found 1-bit 8-to-1 multiplexer for signal <MOSI$mux0000> created at line 80.
    Found 8-bit register for signal <payload>.
    Found 1-bit register for signal <ready>.
    Found 1-bit register for signal <wait<0>>.
    Summary:
	inferred   2 Counter(s).
	inferred  13 D-type flip-flop(s).
	inferred   1 Multiplexer(s).
Unit <SPI_INTERFACE> synthesized.


Synthesizing Unit <kcpsm3>.
    Related source file is "/home/leon/Documents/Code/sistemas-empotrados-S6/ISE/pb3-tarea4/kcpsm3.vhd".
Unit <kcpsm3> synthesized.


Synthesizing Unit <program>.
    Related source file is "/home/leon/Documents/Code/sistemas-empotrados-S6/ISE/pb3-tarea4/program.vhdl".
Unit <program> synthesized.


Synthesizing Unit <todo>.
    Related source file is "/home/leon/Documents/Code/sistemas-empotrados-S6/ISE/pb3-tarea4/todo.vhf".
WARNING:Xst:653 - Signal <XLXI_8_input_v_openSignal> is used but never assigned. This sourceless signal will be automatically connected to value 00000000.
Unit <todo> synthesized.


=========================================================================
HDL Synthesis Report

Macro Statistics
# Counters                                             : 2
 3-bit down counter                                    : 1
 3-bit up counter                                      : 1
# Registers                                            : 7
 1-bit register                                        : 5
 8-bit register                                        : 2
# Multiplexers                                         : 1
 1-bit 8-to-1 multiplexer                              : 1

=========================================================================

=========================================================================
*                       Advanced HDL Synthesis                          *
=========================================================================

INFO:Xst:2261 - The FF/Latch <wait_0> in Unit <XLXI_10> is equivalent to the following FF/Latch, which will be removed : <SCLK> 
WARNING:Xst:1710 - FF/Latch <output_v_0> (without init value) has a constant value of 0 in block <XLXI_8>. This FF/Latch will be trimmed during the optimization process.
WARNING:Xst:1710 - FF/Latch <output_v_1> (without init value) has a constant value of 0 in block <XLXI_8>. This FF/Latch will be trimmed during the optimization process.
WARNING:Xst:1710 - FF/Latch <output_v_2> (without init value) has a constant value of 0 in block <XLXI_8>. This FF/Latch will be trimmed during the optimization process.
WARNING:Xst:1710 - FF/Latch <output_v_3> (without init value) has a constant value of 0 in block <XLXI_8>. This FF/Latch will be trimmed during the optimization process.
WARNING:Xst:1710 - FF/Latch <output_v_4> (without init value) has a constant value of 0 in block <XLXI_8>. This FF/Latch will be trimmed during the optimization process.
WARNING:Xst:1710 - FF/Latch <output_v_5> (without init value) has a constant value of 0 in block <XLXI_8>. This FF/Latch will be trimmed during the optimization process.
WARNING:Xst:1710 - FF/Latch <output_v_6> (without init value) has a constant value of 0 in block <XLXI_8>. This FF/Latch will be trimmed during the optimization process.
WARNING:Xst:1710 - FF/Latch <output_v_7> (without init value) has a constant value of 0 in block <XLXI_8>. This FF/Latch will be trimmed during the optimization process.

=========================================================================
Advanced HDL Synthesis Report

Macro Statistics
# Counters                                             : 2
 3-bit down counter                                    : 1
 3-bit up counter                                      : 1
# Registers                                            : 97
 Flip-Flops                                            : 97
# Multiplexers                                         : 1
 1-bit 8-to-1 multiplexer                              : 1

=========================================================================

=========================================================================
*                         Low Level Synthesis                           *
=========================================================================
INFO:Xst:2261 - The FF/Latch <wait_0> in Unit <SPI_INTERFACE> is equivalent to the following FF/Latch, which will be removed : <SCLK> 
INFO:Xst:2261 - The FF/Latch <output_v_0> in Unit <io_port> is equivalent to the following 7 FFs/Latches, which will be removed : <output_v_1> <output_v_2> <output_v_3> <output_v_4> <output_v_5> <output_v_6> <output_v_7> 
WARNING:Xst:1710 - FF/Latch <output_v_0> (without init value) has a constant value of 0 in block <io_port>. This FF/Latch will be trimmed during the optimization process.

Optimizing unit <todo> ...

Optimizing unit <SPI_INTERFACE> ...

Optimizing unit <kcpsm3> ...

Mapping all equations...
Building and optimizing final netlist ...
Found area constraint ratio of 100 (+ 5) on block todo, actual ratio is 2.

Final Macro Processing ...

=========================================================================
Final Register Report

Macro Statistics
# Registers                                            : 94
 Flip-Flops                                            : 94

=========================================================================

=========================================================================
*                           Partition Report                            *
=========================================================================

Partition Implementation Status
-------------------------------

  No Partitions were found in this design.

-------------------------------

=========================================================================
*                            Final Report                               *
=========================================================================
Final Results
RTL Top Level Output File Name     : todo.ngr
Top Level Output File Name         : todo
Output Format                      : NGC
Optimization Goal                  : Speed
Keep Hierarchy                     : No

Design Statistics
# IOs                              : 7

Cell Usage :
# BELS                             : 217
#      GND                         : 1
#      INV                         : 8
#      LUT1                        : 2
#      LUT2                        : 7
#      LUT3                        : 77
#      LUT4                        : 33
#      MUXCY                       : 39
#      MUXF5                       : 11
#      MUXF6                       : 1
#      VCC                         : 1
#      XORCY                       : 37
# FlipFlops/Latches                : 94
#      FD                          : 24
#      FDCE                        : 4
#      FDE                         : 14
#      FDPE                        : 1
#      FDR                         : 30
#      FDRE                        : 8
#      FDRSE                       : 10
#      FDS                         : 3
# RAMS                             : 27
#      RAM16X1D                    : 8
#      RAM32X1S                    : 10
#      RAM64X1S                    : 8
#      RAMB16_S18                  : 1
# Clock Buffers                    : 1
#      BUFGP                       : 1
# IO Buffers                       : 6
#      IBUF                        : 2
#      OBUF                        : 4
=========================================================================

Device utilization summary:
---------------------------

Selected Device : 3s500efg320-4 

 Number of Slices:                      106  out of   4656     2%  
 Number of Slice Flip Flops:             94  out of   9312     1%  
 Number of 4 input LUTs:                195  out of   9312     2%  
    Number used as logic:               127
    Number used as RAMs:                 68
 Number of IOs:                           7
 Number of bonded IOBs:                   7  out of    232     3%  
 Number of BRAMs:                         1  out of     20     5%  
 Number of GCLKs:                         1  out of     24     4%  

---------------------------
Partition Resource Summary:
---------------------------

  No Partitions were found in this design.

---------------------------


=========================================================================
TIMING REPORT

NOTE: THESE TIMING NUMBERS ARE ONLY A SYNTHESIS ESTIMATE.
      FOR ACCURATE TIMING INFORMATION PLEASE REFER TO THE TRACE REPORT
      GENERATED AFTER PLACE-and-ROUTE.

Clock Information:
------------------
-----------------------------------+------------------------+-------+
Clock Signal                       | Clock buffer(FF name)  | Load  |
-----------------------------------+------------------------+-------+
CLK                                | BUFGP                  | 108   |
XLXN_17                            | NONE(XLXI_10/count_2)  | 13    |
-----------------------------------+------------------------+-------+
INFO:Xst:2169 - HDL ADVISOR - Some clock signals were not automatically buffered by XST with BUFG/BUFR resources. Please use the buffer_type constraint in order to insert these buffers to the clock signals to help prevent skew problems.

Asynchronous Control Signals Information:
----------------------------------------
------------------------------------------------------+------------------------+-------+
Control Signal                                        | Buffer(FF name)        | Load  |
------------------------------------------------------+------------------------+-------+
XLXI_10/count_cmp_eq0000(XLXI_10/count_cmp_eq00001:O) | NONE(XLXI_10/CS)       | 4     |
XLXI_10/ready_not0001_inv(XLXI_10/ready_cmp_eq00001:O)| NONE(XLXI_10/ready)    | 1     |
------------------------------------------------------+------------------------+-------+

Timing Summary:
---------------
Speed Grade: -4

   Minimum period: 9.959ns (Maximum Frequency: 100.415MHz)
   Minimum input arrival time before clock: 2.576ns
   Maximum output required time after clock: 4.310ns
   Maximum combinational path delay: 4.937ns

Timing Detail:
--------------
All values displayed in nanoseconds (ns)

=========================================================================
Timing constraint: Default period analysis for Clock 'CLK'
  Clock period: 9.959ns (frequency: 100.415MHz)
  Total number of paths / destination ports: 3823 / 381
-------------------------------------------------------------------------
Delay:               9.959ns (Levels of Logic = 13)
  Source:            XLXI_9/rom_1024_x_18 (RAM)
  Destination:       XLXI_6/pc_loop[9].register_bit (FF)
  Source Clock:      CLK rising
  Destination Clock: CLK rising

  Data Path: XLXI_9/rom_1024_x_18 to XLXI_6/pc_loop[9].register_bit
                                Gate     Net
    Cell:in->out      fanout   Delay   Delay  Logical Name (Net Name)
    ----------------------------------------  ------------
     RAMB16_S18:CLK->DO14   27   2.800   1.436  XLXI_9/rom_1024_x_18 (XLXN_14<14>)
     LUT4:I0->O            1   0.704   0.455  XLXI_6/move_group_lut (XLXI_6/move_group)
     LUT3:I2->O           11   0.704   1.108  XLXI_6/normal_count_lut (XLXI_6/normal_count)
     LUT3:I0->O            1   0.704   0.000  XLXI_6/pc_loop[0].value_select_mux (XLXI_6/pc_value<0>)
     MUXCY:S->O            1   0.464   0.000  XLXI_6/pc_loop[0].pc_lsb_carry.pc_value_muxcy (XLXI_6/pc_value_carry<0>)
     MUXCY:CI->O           1   0.059   0.000  XLXI_6/pc_loop[1].pc_mid_carry.pc_value_muxcy (XLXI_6/pc_value_carry<1>)
     MUXCY:CI->O           1   0.059   0.000  XLXI_6/pc_loop[2].pc_mid_carry.pc_value_muxcy (XLXI_6/pc_value_carry<2>)
     MUXCY:CI->O           1   0.059   0.000  XLXI_6/pc_loop[3].pc_mid_carry.pc_value_muxcy (XLXI_6/pc_value_carry<3>)
     MUXCY:CI->O           1   0.059   0.000  XLXI_6/pc_loop[4].pc_mid_carry.pc_value_muxcy (XLXI_6/pc_value_carry<4>)
     MUXCY:CI->O           1   0.059   0.000  XLXI_6/pc_loop[5].pc_mid_carry.pc_value_muxcy (XLXI_6/pc_value_carry<5>)
     MUXCY:CI->O           1   0.059   0.000  XLXI_6/pc_loop[6].pc_mid_carry.pc_value_muxcy (XLXI_6/pc_value_carry<6>)
     MUXCY:CI->O           1   0.059   0.000  XLXI_6/pc_loop[7].pc_mid_carry.pc_value_muxcy (XLXI_6/pc_value_carry<7>)
     MUXCY:CI->O           0   0.059   0.000  XLXI_6/pc_loop[8].pc_mid_carry.pc_value_muxcy (XLXI_6/pc_value_carry<8>)
     XORCY:CI->O           1   0.804   0.000  XLXI_6/pc_loop[9].pc_msb_carry.pc_value_xor (XLXI_6/inc_pc_value<9>)
     FDRSE:D                   0.308          XLXI_6/pc_loop[9].register_bit
    ----------------------------------------
    Total                      9.959ns (6.960ns logic, 2.999ns route)
                                       (69.9% logic, 30.1% route)

=========================================================================
Timing constraint: Default period analysis for Clock 'XLXN_17'
  Clock period: 3.466ns (frequency: 288.517MHz)
  Total number of paths / destination ports: 19 / 16
-------------------------------------------------------------------------
Delay:               3.466ns (Levels of Logic = 1)
  Source:            XLXI_10/ready (FF)
  Destination:       XLXI_10/count_2 (FF)
  Source Clock:      XLXN_17 rising
  Destination Clock: XLXN_17 rising

  Data Path: XLXI_10/ready to XLXI_10/count_2
                                Gate     Net
    Cell:in->out      fanout   Delay   Delay  Logical Name (Net Name)
    ----------------------------------------  ------------
     FDCE:C->Q             5   0.591   0.633  XLXI_10/ready (XLXI_10/ready)
     INV:I->O             13   0.704   0.983  XLXI_10/ready_inv1_INV_0 (XLXI_10/ready_inv)
     FDCE:CE                   0.555          XLXI_10/ready
    ----------------------------------------
    Total                      3.466ns (1.850ns logic, 1.616ns route)
                                       (53.4% logic, 46.6% route)

=========================================================================
Timing constraint: Default OFFSET IN BEFORE for Clock 'CLK'
  Total number of paths / destination ports: 3 / 3
-------------------------------------------------------------------------
Offset:              2.576ns (Levels of Logic = 1)
  Source:            RST (PAD)
  Destination:       XLXI_6/reset_flop2 (FF)
  Destination Clock: CLK rising

  Data Path: RST to XLXI_6/reset_flop2
                                Gate     Net
    Cell:in->out      fanout   Delay   Delay  Logical Name (Net Name)
    ----------------------------------------  ------------
     IBUF:I->O             2   1.218   0.447  RST_IBUF (RST_IBUF)
     FDS:S                     0.911          XLXI_6/reset_flop1
    ----------------------------------------
    Total                      2.576ns (2.129ns logic, 0.447ns route)
                                       (82.6% logic, 17.4% route)

=========================================================================
Timing constraint: Default OFFSET OUT AFTER for Clock 'CLK'
  Total number of paths / destination ports: 2 / 2
-------------------------------------------------------------------------
Offset:              4.310ns (Levels of Logic = 1)
  Source:            XLXI_10/wait_0 (FF)
  Destination:       DAC_SCLK (PAD)
  Source Clock:      CLK rising

  Data Path: XLXI_10/wait_0 to DAC_SCLK
                                Gate     Net
    Cell:in->out      fanout   Delay   Delay  Logical Name (Net Name)
    ----------------------------------------  ------------
     FDS:C->Q              2   0.591   0.447  XLXI_10/wait_0 (XLXI_10/wait_0)
     OBUF:I->O                 3.272          DAC_SCLK_OBUF (DAC_SCLK)
    ----------------------------------------
    Total                      4.310ns (3.863ns logic, 0.447ns route)
                                       (89.6% logic, 10.4% route)

=========================================================================
Timing constraint: Default OFFSET OUT AFTER for Clock 'XLXN_17'
  Total number of paths / destination ports: 1 / 1
-------------------------------------------------------------------------
Offset:              4.283ns (Levels of Logic = 1)
  Source:            XLXI_10/CS (FF)
  Destination:       DAC_CS (PAD)
  Source Clock:      XLXN_17 rising

  Data Path: XLXI_10/CS to DAC_CS
                                Gate     Net
    Cell:in->out      fanout   Delay   Delay  Logical Name (Net Name)
    ----------------------------------------  ------------
     FDPE:C->Q             1   0.591   0.420  XLXI_10/CS (XLXI_10/CS)
     OBUF:I->O                 3.272          DAC_CS_OBUF (DAC_CS)
    ----------------------------------------
    Total                      4.283ns (3.863ns logic, 0.420ns route)
                                       (90.2% logic, 9.8% route)

=========================================================================
Timing constraint: Default path analysis
  Total number of paths / destination ports: 1 / 1
-------------------------------------------------------------------------
Delay:               4.937ns (Levels of Logic = 2)
  Source:            INT (PAD)
  Destination:       DAC_RST (PAD)

  Data Path: INT to DAC_RST
                                Gate     Net
    Cell:in->out      fanout   Delay   Delay  Logical Name (Net Name)
    ----------------------------------------  ------------
     IBUF:I->O             2   1.218   0.447  INT_IBUF (INT_IBUF)
     OBUF:I->O                 3.272          DAC_RST_OBUF (DAC_RST)
    ----------------------------------------
    Total                      4.937ns (4.490ns logic, 0.447ns route)
                                       (90.9% logic, 9.1% route)

=========================================================================


Total REAL time to Xst completion: 3.00 secs
Total CPU time to Xst completion: 3.34 secs
 
--> 


Total memory usage is 528684 kilobytes

Number of errors   :    0 (   0 filtered)
Number of warnings :   52 (   0 filtered)
Number of infos    :    4 (   0 filtered)

