ISim log file
Running: /home/leon/Documents/Code/sistemas-empotrados-S6/ISE/practica1_sspi/main_isim_par.exe -intstyle ise -gui -sdfmax /main/=netgen/par/main_timesim.sdf -sdfroot / -tclbatch isim.cmd -wdb /home/leon/Documents/Code/sistemas-empotrados-S6/ISE/practica1_sspi/main_isim_par.wdb 
ISim P.20131013 (signature 0xfbc00daa)
WARNING: A WEBPACK license was found.
WARNING: Please use Xilinx License Configuration Manager to check out a full ISim license.
WARNING: ISim will run in Lite mode. Please refer to the ISim documentation for more information on the differences between the Lite and the Full version.
This is a Lite version of ISim.
INFO: SDF backannotation was successful with SDF file netgen/par/main_timesim.sdf, for root module /main/.
Time resolution is 1 ps
# onerror resume
# wave add /
# isim force add /main/clk 0 -radix bin -value 1 -radix bin -time 10 ns -repeat 20 ns
# isim force add /main/rst 1 -radix bin
# isim force add /main/int 0 -radix bin
# run 40ns
Simulator is doing circuit initialization process.
Finished circuit initialization process.
# isim force add /main/rst 0 -radix bin
# run 40ns
# run 40ns
# run 40ns
# run 40ns
# run 40ns
# run 40ns
# run 40ns
# run 40ns
# run 40ns
# run 40ns
# run 40ns
# run 40ns
# run 40ns
# run 40ns
# run 40ns
# run 40ns
# run 40ns
# run 40ns
# run 40ns
# run 40ns
# run 40ns
# run 40ns
# run 40ns
# run 40ns
# run 40ns
# run 40ns
# run 40ns
# run 40ns
# run 40ns
# run 40ns
# run 40ns
# run 40ns
# run 40ns
# run 40ns
# run 40ns
# run 40ns
# run 40ns
# run 40ns
# run 40ns
# run 40ns
# run 40ns
# run 40ns
# run 40ns
# run 40ns
# run 40ns
# run 40ns
# run 40ns
# run 40ns
# run 40ns
# run 40ns
# run 40ns
# run 40ns
# run 40ns
# run 40ns
# run 40ns
# run 40ns
# run 40ns
# run 40ns
# run 40ns
# run 40ns
# run 40ns
# run 40ns
# run 40ns
# run 40ns
# run 40ns
# run 40ns
# run 40ns
# run 40ns
# run 40ns
# run 40ns
# run 40ns
# run 40ns
# run 40ns
# run 40ns
# run 40ns
# run 40ns
# run 40ns
# run 40ns
# run 40ns
# run 40ns
# run 40ns
# run 40ns
# run 40ns
# run 40ns
# run 40ns
# run 40ns
# run 40ns
# run 40ns
# run 40ns
# run 40ns
# run 40ns
# run 40ns
# run 40ns
# run 40ns
# run 40ns
# run 40ns
# run 1us
# run 1us
# run 1us
# run 1us
# run 1us
# run 1us
# run 1us
# run 1us
# run 1us
# run 1us
# run 1us
# run 1us
# run 1us
# run 1us
# run 1us
# run 1us
# run 1us
# run 1us
# run 1us
# run 1us
# run 1us
# run 1us
# run 1us
# run 1us
# run 1us
# run 1us
# run 1us
# run 1us
# run 1us
# run 1us
# run 1us
# run 1us
# run 1us
# run 1us
# run 1us
# run 1us
# run 1us
# run 1us
# run 1us
# run 1us
# run 1us
# run 1us
# run 1us
# run 1us
# run 1us
# run 1us
# run 1us
# run 1us
# run 1us
# run 1us
# run 1us
# run 1us
# run 1us
# run 1us
# run 1us
# run 1us
# run 1us
# run 1us
# run 1us
# run 1us
# run 1us
# run 1us
# run 1us
# run 1us
# run 1us
# run 1us
# run 1us
# run 1us
# run 1us
# run 1us
# run 1us
# run 1us
# run 1us
# run 1us
# run 1us
# run 1us
# run 1us
# run 1us
# run 1us
# run 1us
# run 1us
# run 1us
# run 1us
# run 1us
# run 1us
# run 1us
# run 1us
# run 1us
# run 1us
# run 1us
# run 1us
# run 1us
# run 1us
# run 1us
# run 1us
# run 1us
# run 1us
# run 1us
# run 1us
# run 1us
# run 1us
# run 1us
# run 1us
# run 1us
# run 1us
# run 1us
# exit 0
