ISim log file
Running: /home/leon/Documents/ISE/pb3_ejemplo/todo_isim_beh.exe -intstyle ise -gui -tclbatch isim.cmd -wdb /home/leon/Documents/ISE/pb3_ejemplo/todo_isim_beh.wdb 
ISim P.20131013 (signature 0xfbc00daa)
WARNING: A WEBPACK license was found.
WARNING: Please use Xilinx License Configuration Manager to check out a full ISim license.
WARNING: ISim will run in Lite mode. Please refer to the ISim documentation for more information on the differences between the Lite and the Full version.
This is a Lite version of ISim.
Time resolution is 1 ps
# onerror resume
# wave add /
# run 1000 ns
Simulator is doing circuit initialization process.
Finished circuit initialization process.
# isim force add /todo/clk 1 -radix bin -value 0 -radix bin -time 10 ns -repeat 20 ns
# isim force add /todo/clk 1 -radix bin -value 0 -radix bin -time 10 ns -repeat 20 ns
# isim force add /todo/xlxi_1_interrupt_opensignal 0 -radix bin
# isim force add /todo/xlxi_1_interrupt_opensignal 0 -radix bin
# isim force add /todo/inputs 1 -radix bin
# isim force add /todo/inputs 1 -radix bin
# isim force add /todo/reset 0 -radix bin
# isim force add /todo/reset 0 -radix bin
# run all
Stopped at time : 1056930 ns : File "/home/leon/Documents/ISE/pb3_ejemplo/kcpsm3.vhd" Line 1667
# run 1.00us
# run all
Stopped at time : 2334280 ns : File "/home/leon/Documents/ISE/pb3_ejemplo/kcpsm3.vhd" Line 1667
# isim force add /todo/reset 1 -radix bin
# isim force add /todo/reset 1 -radix bin
# run 20ns
# run 20ns
# run 20ns
# run 20ns
# run 20ns
# isim force add /todo/reset 0 -radix bin
# run 20us
# run 20us
# run 20us
# run 20us
# exit 0
