Command line:
   main_isim_beh.exe
     -simmode  gui
     -simrunnum  0
     -socket  54535

Wed Mar 20 23:36:01 2024


 Elaboration Time: 0.01 sec

 Current Memory Usage: 192.414 Meg

 Total Signals          : 1687
 Total Nets             : 2173
 Total Signal Drivers   : 433
 Total Blocks           : 421
 Total Primitive Blocks : 314
 Total Processes        : 423
 Total Traceable Variables  : 591
 Total Scalar Nets and Variables : 28691
Total Line Count : 1441

 Total Simulation Time: 0.81 sec

 Current Memory Usage: 267.915 Meg

Wed Mar 20 23:39:36 2024

