ISim log file
Running: /home/leon/Documents/Code/sistemas-empotrados-S6/ISE/pb3_tarea3/todo_isim_beh.exe -intstyle ise -gui -tclbatch isim.cmd -wdb /home/leon/Documents/Code/sistemas-empotrados-S6/ISE/pb3_tarea3/todo_isim_beh.wdb 
ISim P.20131013 (signature 0xfbc00daa)
WARNING: A WEBPACK license was found.
WARNING: Please use Xilinx License Configuration Manager to check out a full ISim license.
WARNING: ISim will run in Lite mode. Please refer to the ISim documentation for more information on the differences between the Lite and the Full version.
This is a Lite version of ISim.
Time resolution is 1 ps
# onerror resume
# wave add /
# run 1000 ns
Simulator is doing circuit initialization process.
Finished circuit initialization process.
# isim force add /todo/clk 0 -radix bin -value 1 -radix bin -time 10 ns -repeat 20 ns
# isim force add /todo/inputs 0 -radix bin
# isim force add /todo/inputs 0 -radix bin
# isim force add /todo/int 0 -radix bin
# isim force add /todo/int 0 -radix bin
# isim force add /todo/rst 1 -radix bin
# isim force add /todo/rst 1 -radix bin
# run 1.00us
# isim force add /todo/rst 0 -radix bin
# isim force add /todo/rst 0 -radix bin
# run 1.00us
# run 1.00us
# run 1.00us
# run 1.00us
# run 20ms
# run 1ms
# run 1ms
# run 1ms
# run 1ms
# run 1ms
# run 1ms
# exit 0
