Open PicoBlaze Assembler log for program "program.asm"
Generated by opbasm v1.3.10
  Assembled on 2024-01-29T08:29:26
  Target architecture: PicoBlaze-3

  Last occupied address: 011 hex
  Nominal program memory size: 1K (1024)  address(9:0)
  Actual memory size: 1024
  Occupied memory locations: 19
  Memory locations available: 1005
  Scratchpad size: 64


Assembly listing
----------------
000                                     ;Tarea 2
000                                     ;use_clock(50)
000  3C001                              enable interrupt
001  0040F                              load s4, 0F
002  34003       ╭⤙                     jump main
                 │
003              │                main:
003  04000      ╭┴▶                     input s0, 00
004  18003      │                       add s0, 03
005  2C000      │                       output s0, 00
                │
006  34003      ╰─⤙                     jump main

007                               isr1:
3FF                                     address 3FF
3FF  34007       ╭⤙                     jump isr1
007              │                      address isr1
007  2C400       ╰▶                     output s4, 00
008                                     ;s1,s2,s3
008                                     ;58 * 5ms = 300ms aprox
008  0013A                              load s1, 58'd
009                              delay:
009  002FF     ╭──▶                     load s2, FF
               │
00A            │               .entry1:
00A  003FF     │╭─▶                     load s3, FF
               ││
00B            ││               .loop1:
00B  1C301     ││╭▶                     sub s3, 01                     ; <-- 40ns * 2
00C  3540B     ││╰⤙                     jump NZ, .loop1                ; <--80ns * 255 = 20us aprox
               ││
00D  1C201     ││                       sub s2, 01
00E  3540A     │╰─⤙                     jump NZ, .entry1               ;(80ns * 255) * 255 = 5ms aprox
00F            │                        ;loop de s1
00F  1C101     │                        sub s1, 01
010  35409     ╰──⤙                     jump NZ, delay

011  38001                              returni enable


All unused memory locations contain zero (equivalent to "LOAD s0, 00")


PSM files that have been assembled
----------------------------------
    /home/leon/Documents/Code/sistemas-empotrados-S6/codigo-ensamblador/Tarea2/program.asm


List of defined constants
-------------------------
    CONSTANT name      Value  Source PSM file
 ----------------      -----  ---------------
    BEL                07
    BS                 08
    CR                 0D
    DCS                90
    DEL                7F
    ESC                1B
    HT                 09
    LF                 0A
    NUL                00
    ST                 9C
    VT                 0B
    datestamp_day      1D
    datestamp_month    01
    datestamp_year     18
    timestamp_hours    08
    timestamp_minutes  1D
    timestamp_seconds  1A


  No tables defined


List of text strings
--------------------
    STRING name      Value          Source PSM file
 --------------      -----          ---------------
    Opbasm_version$  "1.3.10"
    datestamp$       "29 Jan 2024"
    timestamp$       "08:29:26"


List of line labels
-------------------
    Label         Addr  Source PSM file
 --------         ----  ---------------
    delay         009   program.asm
    delay.entry1  00A   program.asm
    delay.loop1   00B   program.asm
    isr1          007   program.asm
    main          003   program.asm


List of pragma blocks
---------------------
   Name  Addr range  Value
   ----  ----------  -----


Instruction usage statistics
----------------------------
   Instruction  Instances
   -----------  ---------
   ADD          1
   ADDCY        -
   AND          -
   CALL         -
   COMPARE      -
   DISABLE      -
   ENABLE       1
   FETCH        -
   INPUT        1
   JUMP         6
   LOAD         4
   OR           -
   OUTPUT       2
   RETURN       -
   RETURNI      1
   RL           -
   RR           -
   SL0          -
   SL1          -
   SLA          -
   SLX          -
   SR0          -
   SR1          -
   SRA          -
   SRX          -
   STORE        -
   SUB          3
   SUBCY        -
   TEST         -
   XOR          -
