ISim log file
Running: C:\Users\JPablo17\Documents\GitHub\sistemas-empotrados-S6\ISE\pb3-tarea3\todo_isim_beh.exe -intstyle ise -gui -tclbatch isim.cmd -wdb C:/Users/JPablo17/Documents/GitHub/sistemas-empotrados-S6/ISE/pb3-tarea3/todo_isim_beh.wdb 
ISim P.20131013 (signature 0x7708f090)
This is a Full version of ISim.
Time resolution is 1 ps
# onerror resume
# wave add /
# run 1000 ns
Simulator is doing circuit initialization process.
Finished circuit initialization process.
# isim force add /todo/clk 0 -radix bin -value 1 -radix bin -time 10 us -repeat 20 us
# isim force add /todo/clk 0 -radix bin -value 1 -radix bin -time 10 ns -repeat 20 ns
# isim force add /todo/clk 0 -radix bin -value 1 -radix bin -time 10 ns -repeat 20 ns
# run all
Stopped at time : 834290100 ps : File "C:/Users/JPablo17/Documents/GitHub/sistemas-empotrados-S6/ISE/pb3-tarea3/kcpsm3.vhd" Line 779
# run all
Stopped at time : 2461550100 ps : File "C:/Users/JPablo17/Documents/GitHub/sistemas-empotrados-S6/ISE/pb3-tarea3/kcpsm3.vhd" Line 858
# isim force add /todo/clk 0 -radix bin -value 1 -radix bin -time 10 ns -repeat 20 ns
# isim force add /todo/clk 0 -radix bin -value 1 -radix bin -time 10 ns -repeat 20 ns
# run all
Stopped at time : 6618880100 ps : File "C:/Users/JPablo17/Documents/GitHub/sistemas-empotrados-S6/ISE/pb3-tarea3/kcpsm3.vhd" Line 1769
# isim force add /todo/int 0 -radix bin
# isim force add /todo/int 0 -radix bin
# isim force add /todo/rst 1 -radix bin
# isim force add /todo/rst 1 -radix bin
# isim force add /todo/rst 1 -radix bin
# run all
Stopped at time : 9280800100 ps : File "C:/Users/JPablo17/Documents/GitHub/sistemas-empotrados-S6/ISE/pb3-tarea3/kcpsm3.vhd" Line 1667
# isim force add /todo/int 0 -radix bin
# isim force add /todo/int 0 -radix bin
# isim force add /todo/rst 1 -radix bin
# isim force add /todo/rst 1 -radix bin
# run 1.00us
# run 1.00us
# run 1.00us
# isim force add /todo/rst 0 -radix bin
# isim force add /todo/rst 0 -radix bin
# run 1.00us
# run 1.00us
# run 1.00us
# run 1.00us
# run 1.00us
# run 1.00us
# run 1.00us
# run 1.00us
# run 1.00us
# run 1.00us
# run 1.00us
# run 1.00us
# run 1.00us
# run 1.00us
# run 1.00us
# run 1.00us
# run 1.00us
# run 1.00us
# run 1.00us
# run all
Stopped at time : 398075790100 ps : File "C:/Users/JPablo17/Documents/GitHub/sistemas-empotrados-S6/ISE/pb3-tarea3/kcpsm3.vhd" Line 1667
