Release 14.7 - xst P.20131013 (lin64)
Copyright (c) 1995-2013 Xilinx, Inc.  All rights reserved.
--> 
Parameter TMPDIR set to xst/projnav.tmp


Total REAL time to Xst completion: 0.00 secs
Total CPU time to Xst completion: 0.04 secs
 
--> 
Parameter xsthdpdir set to xst


Total REAL time to Xst completion: 0.00 secs
Total CPU time to Xst completion: 0.04 secs
 
--> 
Reading design: todo.prj

TABLE OF CONTENTS
  1) Synthesis Options Summary
  2) HDL Compilation
  3) Design Hierarchy Analysis
  4) HDL Analysis
  5) HDL Synthesis
     5.1) HDL Synthesis Report
  6) Advanced HDL Synthesis
     6.1) Advanced HDL Synthesis Report
  7) Low Level Synthesis
  8) Partition Report
  9) Final Report
	9.1) Device utilization summary
	9.2) Partition Resource Summary
	9.3) TIMING REPORT


=========================================================================
*                      Synthesis Options Summary                        *
=========================================================================
---- Source Parameters
Input File Name                    : "todo.prj"
Input Format                       : mixed
Ignore Synthesis Constraint File   : NO

---- Target Parameters
Output File Name                   : "todo"
Output Format                      : NGC
Target Device                      : xc3s500e-4-fg320

---- Source Options
Top Module Name                    : todo
Automatic FSM Extraction           : YES
FSM Encoding Algorithm             : Auto
Safe Implementation                : No
FSM Style                          : LUT
RAM Extraction                     : Yes
RAM Style                          : Auto
ROM Extraction                     : Yes
Mux Style                          : Auto
Decoder Extraction                 : YES
Priority Encoder Extraction        : Yes
Shift Register Extraction          : YES
Logical Shifter Extraction         : YES
XOR Collapsing                     : YES
ROM Style                          : Auto
Mux Extraction                     : Yes
Resource Sharing                   : YES
Asynchronous To Synchronous        : NO
Multiplier Style                   : Auto
Automatic Register Balancing       : No

---- Target Options
Add IO Buffers                     : YES
Global Maximum Fanout              : 100000
Add Generic Clock Buffer(BUFG)     : 24
Register Duplication               : YES
Slice Packing                      : YES
Optimize Instantiated Primitives   : NO
Use Clock Enable                   : Yes
Use Synchronous Set                : Yes
Use Synchronous Reset              : Yes
Pack IO Registers into IOBs        : Auto
Equivalent register Removal        : YES

---- General Options
Optimization Goal                  : Speed
Optimization Effort                : 1
Keep Hierarchy                     : No
Netlist Hierarchy                  : As_Optimized
RTL Output                         : Yes
Global Optimization                : AllClockNets
Read Cores                         : YES
Write Timing Constraints           : NO
Cross Clock Analysis               : NO
Hierarchy Separator                : /
Bus Delimiter                      : <>
Case Specifier                     : Maintain
Slice Utilization Ratio            : 100
BRAM Utilization Ratio             : 100
Verilog 2001                       : YES
Auto BRAM Packing                  : NO
Slice Utilization Ratio Delta      : 5

=========================================================================


=========================================================================
*                          HDL Compilation                              *
=========================================================================
Compiling vhdl file "/home/leon/Documents/Code/sistemas-empotrados-S6/ISE/pb3-tarea3/input_port.vhd" in Library work.
Entity <input_port> compiled.
Entity <input_port> (Architecture <behavioral>) compiled.
Compiling vhdl file "/home/leon/Documents/Code/sistemas-empotrados-S6/ISE/pb3-tarea3/out_port.vhd" in Library work.
Entity <out_port> compiled.
Entity <out_port> (Architecture <Behavioral>) compiled.
Compiling vhdl file "/home/leon/Documents/Code/sistemas-empotrados-S6/ISE/pb3-tarea3/kcpsm3.vhd" in Library work.
Entity <kcpsm3> compiled.
Entity <kcpsm3> (Architecture <low_level_definition>) compiled.
Compiling vhdl file "/home/leon/Documents/Code/sistemas-empotrados-S6/ISE/pb3-tarea3/todo.vhf" in Library work.
Entity <todo> compiled.
Entity <todo> (Architecture <BEHAVIORAL>) compiled.

=========================================================================
*                     Design Hierarchy Analysis                         *
=========================================================================
Analyzing hierarchy for entity <todo> in library <work> (architecture <BEHAVIORAL>).

Analyzing hierarchy for entity <input_port> in library <work> (architecture <behavioral>).

Analyzing hierarchy for entity <out_port> in library <work> (architecture <Behavioral>).

Analyzing hierarchy for entity <kcpsm3> in library <work> (architecture <low_level_definition>).

WARNING:Xst:2591 - "/home/leon/Documents/Code/sistemas-empotrados-S6/ISE/pb3-tarea3/kcpsm3.vhd" line 289: attribute on instance <INIT> overrides generic/parameter on component. It is possible that simulator will not take this attribute into account.
WARNING:Xst:2591 - "/home/leon/Documents/Code/sistemas-empotrados-S6/ISE/pb3-tarea3/kcpsm3.vhd" line 1200: attribute on instance <INIT> overrides generic/parameter on component. It is possible that simulator will not take this attribute into account.
WARNING:Xst:2591 - "/home/leon/Documents/Code/sistemas-empotrados-S6/ISE/pb3-tarea3/kcpsm3.vhd" line 452: attribute on instance <INIT> overrides generic/parameter on component. It is possible that simulator will not take this attribute into account.
WARNING:Xst:2591 - "/home/leon/Documents/Code/sistemas-empotrados-S6/ISE/pb3-tarea3/kcpsm3.vhd" line 483: attribute on instance <INIT> overrides generic/parameter on component. It is possible that simulator will not take this attribute into account.
WARNING:Xst:2591 - "/home/leon/Documents/Code/sistemas-empotrados-S6/ISE/pb3-tarea3/kcpsm3.vhd" line 606: attribute on instance <INIT> overrides generic/parameter on component. It is possible that simulator will not take this attribute into account.
WARNING:Xst:2591 - "/home/leon/Documents/Code/sistemas-empotrados-S6/ISE/pb3-tarea3/kcpsm3.vhd" line 614: attribute on instance <INIT> overrides generic/parameter on component. It is possible that simulator will not take this attribute into account.
WARNING:Xst:2591 - "/home/leon/Documents/Code/sistemas-empotrados-S6/ISE/pb3-tarea3/kcpsm3.vhd" line 381: attribute on instance <INIT> overrides generic/parameter on component. It is possible that simulator will not take this attribute into account.
WARNING:Xst:2591 - "/home/leon/Documents/Code/sistemas-empotrados-S6/ISE/pb3-tarea3/kcpsm3.vhd" line 423: attribute on instance <INIT> overrides generic/parameter on component. It is possible that simulator will not take this attribute into account.
WARNING:Xst:2591 - "/home/leon/Documents/Code/sistemas-empotrados-S6/ISE/pb3-tarea3/kcpsm3.vhd" line 525: attribute on instance <INIT> overrides generic/parameter on component. It is possible that simulator will not take this attribute into account.
WARNING:Xst:2591 - "/home/leon/Documents/Code/sistemas-empotrados-S6/ISE/pb3-tarea3/kcpsm3.vhd" line 597: attribute on instance <INIT> overrides generic/parameter on component. It is possible that simulator will not take this attribute into account.
WARNING:Xst:2591 - "/home/leon/Documents/Code/sistemas-empotrados-S6/ISE/pb3-tarea3/kcpsm3.vhd" line 682: attribute on instance <INIT> overrides generic/parameter on component. It is possible that simulator will not take this attribute into account.
WARNING:Xst:2591 - "/home/leon/Documents/Code/sistemas-empotrados-S6/ISE/pb3-tarea3/kcpsm3.vhd" line 1109: attribute on instance <INIT> overrides generic/parameter on component. It is possible that simulator will not take this attribute into account.
WARNING:Xst:2591 - "/home/leon/Documents/Code/sistemas-empotrados-S6/ISE/pb3-tarea3/kcpsm3.vhd" line 1136: attribute on instance <INIT> overrides generic/parameter on component. It is possible that simulator will not take this attribute into account.
WARNING:Xst:2591 - "/home/leon/Documents/Code/sistemas-empotrados-S6/ISE/pb3-tarea3/kcpsm3.vhd" line 1220: attribute on instance <INIT> overrides generic/parameter on component. It is possible that simulator will not take this attribute into account.
WARNING:Xst:2591 - "/home/leon/Documents/Code/sistemas-empotrados-S6/ISE/pb3-tarea3/kcpsm3.vhd" line 1269: attribute on instance <INIT> overrides generic/parameter on component. It is possible that simulator will not take this attribute into account.
WARNING:Xst:2591 - "/home/leon/Documents/Code/sistemas-empotrados-S6/ISE/pb3-tarea3/kcpsm3.vhd" line 332: attribute on instance <INIT> overrides generic/parameter on component. It is possible that simulator will not take this attribute into account.
WARNING:Xst:2591 - "/home/leon/Documents/Code/sistemas-empotrados-S6/ISE/pb3-tarea3/kcpsm3.vhd" line 371: attribute on instance <INIT> overrides generic/parameter on component. It is possible that simulator will not take this attribute into account.
WARNING:Xst:2591 - "/home/leon/Documents/Code/sistemas-empotrados-S6/ISE/pb3-tarea3/kcpsm3.vhd" line 403: attribute on instance <INIT> overrides generic/parameter on component. It is possible that simulator will not take this attribute into account.
WARNING:Xst:2591 - "/home/leon/Documents/Code/sistemas-empotrados-S6/ISE/pb3-tarea3/kcpsm3.vhd" line 413: attribute on instance <INIT> overrides generic/parameter on component. It is possible that simulator will not take this attribute into account.
WARNING:Xst:2591 - "/home/leon/Documents/Code/sistemas-empotrados-S6/ISE/pb3-tarea3/kcpsm3.vhd" line 432: attribute on instance <INIT> overrides generic/parameter on component. It is possible that simulator will not take this attribute into account.
WARNING:Xst:2591 - "/home/leon/Documents/Code/sistemas-empotrados-S6/ISE/pb3-tarea3/kcpsm3.vhd" line 442: attribute on instance <INIT> overrides generic/parameter on component. It is possible that simulator will not take this attribute into account.
WARNING:Xst:2591 - "/home/leon/Documents/Code/sistemas-empotrados-S6/ISE/pb3-tarea3/kcpsm3.vhd" line 468: attribute on instance <INIT> overrides generic/parameter on component. It is possible that simulator will not take this attribute into account.
WARNING:Xst:2591 - "/home/leon/Documents/Code/sistemas-empotrados-S6/ISE/pb3-tarea3/kcpsm3.vhd" line 493: attribute on instance <INIT> overrides generic/parameter on component. It is possible that simulator will not take this attribute into account.
WARNING:Xst:2591 - "/home/leon/Documents/Code/sistemas-empotrados-S6/ISE/pb3-tarea3/kcpsm3.vhd" line 554: attribute on instance <INIT> overrides generic/parameter on component. It is possible that simulator will not take this attribute into account.
WARNING:Xst:2591 - "/home/leon/Documents/Code/sistemas-empotrados-S6/ISE/pb3-tarea3/kcpsm3.vhd" line 587: attribute on instance <INIT> overrides generic/parameter on component. It is possible that simulator will not take this attribute into account.
WARNING:Xst:2591 - "/home/leon/Documents/Code/sistemas-empotrados-S6/ISE/pb3-tarea3/kcpsm3.vhd" line 794: attribute on instance <INIT> overrides generic/parameter on component. It is possible that simulator will not take this attribute into account.
WARNING:Xst:2591 - "/home/leon/Documents/Code/sistemas-empotrados-S6/ISE/pb3-tarea3/kcpsm3.vhd" line 871: attribute on instance <INIT> overrides generic/parameter on component. It is possible that simulator will not take this attribute into account.
WARNING:Xst:2591 - "/home/leon/Documents/Code/sistemas-empotrados-S6/ISE/pb3-tarea3/kcpsm3.vhd" line 886: attribute on instance <INIT> overrides generic/parameter on component. It is possible that simulator will not take this attribute into account.
WARNING:Xst:2591 - "/home/leon/Documents/Code/sistemas-empotrados-S6/ISE/pb3-tarea3/kcpsm3.vhd" line 937: attribute on instance <INIT> overrides generic/parameter on component. It is possible that simulator will not take this attribute into account.
WARNING:Xst:2591 - "/home/leon/Documents/Code/sistemas-empotrados-S6/ISE/pb3-tarea3/kcpsm3.vhd" line 956: attribute on instance <INIT> overrides generic/parameter on component. It is possible that simulator will not take this attribute into account.
WARNING:Xst:2591 - "/home/leon/Documents/Code/sistemas-empotrados-S6/ISE/pb3-tarea3/kcpsm3.vhd" line 1244: attribute on instance <INIT> overrides generic/parameter on component. It is possible that simulator will not take this attribute into account.
WARNING:Xst:2591 - "/home/leon/Documents/Code/sistemas-empotrados-S6/ISE/pb3-tarea3/kcpsm3.vhd" line 1301: attribute on instance <INIT> overrides generic/parameter on component. It is possible that simulator will not take this attribute into account.
WARNING:Xst:2591 - "/home/leon/Documents/Code/sistemas-empotrados-S6/ISE/pb3-tarea3/kcpsm3.vhd" line 1311: attribute on instance <INIT> overrides generic/parameter on component. It is possible that simulator will not take this attribute into account.
WARNING:Xst:2591 - "/home/leon/Documents/Code/sistemas-empotrados-S6/ISE/pb3-tarea3/kcpsm3.vhd" line 1327: attribute on instance <INIT> overrides generic/parameter on component. It is possible that simulator will not take this attribute into account.
WARNING:Xst:2591 - "/home/leon/Documents/Code/sistemas-empotrados-S6/ISE/pb3-tarea3/kcpsm3.vhd" line 1415: attribute on instance <INIT> overrides generic/parameter on component. It is possible that simulator will not take this attribute into account.
WARNING:Xst:2591 - "/home/leon/Documents/Code/sistemas-empotrados-S6/ISE/pb3-tarea3/kcpsm3.vhd" line 1448: attribute on instance <INIT> overrides generic/parameter on component. It is possible that simulator will not take this attribute into account.
WARNING:Xst:2591 - "/home/leon/Documents/Code/sistemas-empotrados-S6/ISE/pb3-tarea3/kcpsm3.vhd" line 828: attribute on instance <INIT> overrides generic/parameter on component. It is possible that simulator will not take this attribute into account.
WARNING:Xst:2591 - "/home/leon/Documents/Code/sistemas-empotrados-S6/ISE/pb3-tarea3/kcpsm3.vhd" line 1368: attribute on instance <INIT> overrides generic/parameter on component. It is possible that simulator will not take this attribute into account.
WARNING:Xst:2591 - "/home/leon/Documents/Code/sistemas-empotrados-S6/ISE/pb3-tarea3/kcpsm3.vhd" line 906: attribute on instance <INIT> overrides generic/parameter on component. It is possible that simulator will not take this attribute into account.

=========================================================================
*                            HDL Analysis                               *
=========================================================================
Analyzing Entity <todo> in library <work> (Architecture <BEHAVIORAL>).
WARNING:Xst:753 - "/home/leon/Documents/Code/sistemas-empotrados-S6/ISE/pb3-tarea3/todo.vhf" line 117: Unconnected output port 'output_01' of component 'out_port'.
WARNING:Xst:753 - "/home/leon/Documents/Code/sistemas-empotrados-S6/ISE/pb3-tarea3/todo.vhf" line 117: Unconnected output port 'output_02' of component 'out_port'.
WARNING:Xst:753 - "/home/leon/Documents/Code/sistemas-empotrados-S6/ISE/pb3-tarea3/todo.vhf" line 117: Unconnected output port 'output_03' of component 'out_port'.
WARNING:Xst:753 - "/home/leon/Documents/Code/sistemas-empotrados-S6/ISE/pb3-tarea3/todo.vhf" line 117: Unconnected output port 'output_04' of component 'out_port'.
WARNING:Xst:753 - "/home/leon/Documents/Code/sistemas-empotrados-S6/ISE/pb3-tarea3/todo.vhf" line 117: Unconnected output port 'output_05' of component 'out_port'.
WARNING:Xst:753 - "/home/leon/Documents/Code/sistemas-empotrados-S6/ISE/pb3-tarea3/todo.vhf" line 117: Unconnected output port 'output_06' of component 'out_port'.
WARNING:Xst:753 - "/home/leon/Documents/Code/sistemas-empotrados-S6/ISE/pb3-tarea3/todo.vhf" line 117: Unconnected output port 'output_07' of component 'out_port'.
WARNING:Xst:753 - "/home/leon/Documents/Code/sistemas-empotrados-S6/ISE/pb3-tarea3/todo.vhf" line 117: Unconnected output port 'output_08' of component 'out_port'.
WARNING:Xst:753 - "/home/leon/Documents/Code/sistemas-empotrados-S6/ISE/pb3-tarea3/todo.vhf" line 117: Unconnected output port 'output_09' of component 'out_port'.
WARNING:Xst:753 - "/home/leon/Documents/Code/sistemas-empotrados-S6/ISE/pb3-tarea3/todo.vhf" line 133: Unconnected output port 'interrupt_ack' of component 'kcpsm3'.
WARNING:Xst:753 - "/home/leon/Documents/Code/sistemas-empotrados-S6/ISE/pb3-tarea3/todo.vhf" line 133: Unconnected output port 'address' of component 'kcpsm3'.
Entity <todo> analyzed. Unit <todo> generated.

Analyzing Entity <input_port> in library <work> (Architecture <behavioral>).
Entity <input_port> analyzed. Unit <input_port> generated.

Analyzing Entity <out_port> in library <work> (Architecture <Behavioral>).
Entity <out_port> analyzed. Unit <out_port> generated.

Analyzing Entity <kcpsm3> in library <work> (Architecture <low_level_definition>).
    Set user-defined property "INIT =  1" for instance <t_state_lut> in unit <kcpsm3>.
    Set user-defined property "INIT =  0" for instance <toggle_flop> in unit <kcpsm3>.
    Set user-defined property "INIT =  1" for instance <reset_flop1> in unit <kcpsm3>.
    Set user-defined property "INIT =  1" for instance <reset_flop2> in unit <kcpsm3>.
    Set user-defined property "INIT =  0" for instance <int_capture_flop> in unit <kcpsm3>.
    Set user-defined property "INIT =  0080" for instance <int_pulse_lut> in unit <kcpsm3>.
    Set user-defined property "INIT =  0" for instance <int_flop> in unit <kcpsm3>.
    Set user-defined property "INIT =  0" for instance <ack_flop> in unit <kcpsm3>.
    Set user-defined property "INIT =  0" for instance <shadow_carry_flop> in unit <kcpsm3>.
    Set user-defined property "INIT =  0" for instance <shadow_zero_flop> in unit <kcpsm3>.
    Set user-defined property "INIT =  EAAA" for instance <int_update_lut> in unit <kcpsm3>.
    Set user-defined property "INIT =  04" for instance <int_value_lut> in unit <kcpsm3>.
    Set user-defined property "INIT =  0" for instance <int_enable_flop> in unit <kcpsm3>.
    Set user-defined property "INIT =  7400" for instance <move_group_lut> in unit <kcpsm3>.
    Set user-defined property "INIT =  5A3C" for instance <condition_met_lut> in unit <kcpsm3>.
    Set user-defined property "INIT =  2F" for instance <normal_count_lut> in unit <kcpsm3>.
    Set user-defined property "INIT =  1000" for instance <call_type_lut> in unit <kcpsm3>.
    Set user-defined property "INIT =  5400" for instance <push_pop_lut> in unit <kcpsm3>.
    Set user-defined property "INIT =  D" for instance <valid_move_lut> in unit <kcpsm3>.
    Set user-defined property "INIT =  41FC" for instance <flag_type_lut> in unit <kcpsm3>.
    Set user-defined property "INIT =  0" for instance <flag_write_flop> in unit <kcpsm3>.
    Set user-defined property "INIT =  8" for instance <flag_enable_lut> in unit <kcpsm3>.
    Set user-defined property "INIT =  0001" for instance <low_zero_lut> in unit <kcpsm3>.
    Set user-defined property "INIT =  0001" for instance <high_zero_lut> in unit <kcpsm3>.
    Set user-defined property "INIT =  3F" for instance <sel_shadow_zero_lut> in unit <kcpsm3>.
    Set user-defined property "INIT =  0" for instance <zero_flag_flop> in unit <kcpsm3>.
    Set user-defined property "INIT =  6996" for instance <low_parity_lut> in unit <kcpsm3>.
    Set user-defined property "INIT =  6996" for instance <high_parity_lut> in unit <kcpsm3>.
    Set user-defined property "INIT =  F3FF" for instance <sel_parity_lut> in unit <kcpsm3>.
    Set user-defined property "INIT =  F3" for instance <sel_arith_carry_lut> in unit <kcpsm3>.
    Set user-defined property "INIT =  C" for instance <sel_shift_carry_lut> in unit <kcpsm3>.
    Set user-defined property "INIT =  3" for instance <sel_shadow_carry_lut> in unit <kcpsm3>.
    Set user-defined property "INIT =  0" for instance <carry_flag_flop> in unit <kcpsm3>.
    Set user-defined property "INIT =  E4" for instance <pc_loop[0].vector_select_mux> in unit <kcpsm3>.
    Set user-defined property "INIT =  E4" for instance <pc_loop[0].value_select_mux> in unit <kcpsm3>.
    Set user-defined property "INIT =  0" for instance <pc_loop[0].register_bit> in unit <kcpsm3>.
    Set user-defined property "INIT =  E4" for instance <pc_loop[1].vector_select_mux> in unit <kcpsm3>.
    Set user-defined property "INIT =  E4" for instance <pc_loop[1].value_select_mux> in unit <kcpsm3>.
    Set user-defined property "INIT =  0" for instance <pc_loop[1].register_bit> in unit <kcpsm3>.
    Set user-defined property "INIT =  E4" for instance <pc_loop[2].vector_select_mux> in unit <kcpsm3>.
    Set user-defined property "INIT =  E4" for instance <pc_loop[2].value_select_mux> in unit <kcpsm3>.
    Set user-defined property "INIT =  0" for instance <pc_loop[2].register_bit> in unit <kcpsm3>.
    Set user-defined property "INIT =  E4" for instance <pc_loop[3].vector_select_mux> in unit <kcpsm3>.
    Set user-defined property "INIT =  E4" for instance <pc_loop[3].value_select_mux> in unit <kcpsm3>.
    Set user-defined property "INIT =  0" for instance <pc_loop[3].register_bit> in unit <kcpsm3>.
    Set user-defined property "INIT =  E4" for instance <pc_loop[4].vector_select_mux> in unit <kcpsm3>.
    Set user-defined property "INIT =  E4" for instance <pc_loop[4].value_select_mux> in unit <kcpsm3>.
    Set user-defined property "INIT =  0" for instance <pc_loop[4].register_bit> in unit <kcpsm3>.
    Set user-defined property "INIT =  E4" for instance <pc_loop[5].vector_select_mux> in unit <kcpsm3>.
    Set user-defined property "INIT =  E4" for instance <pc_loop[5].value_select_mux> in unit <kcpsm3>.
    Set user-defined property "INIT =  0" for instance <pc_loop[5].register_bit> in unit <kcpsm3>.
    Set user-defined property "INIT =  E4" for instance <pc_loop[6].vector_select_mux> in unit <kcpsm3>.
    Set user-defined property "INIT =  E4" for instance <pc_loop[6].value_select_mux> in unit <kcpsm3>.
    Set user-defined property "INIT =  0" for instance <pc_loop[6].register_bit> in unit <kcpsm3>.
    Set user-defined property "INIT =  E4" for instance <pc_loop[7].vector_select_mux> in unit <kcpsm3>.
    Set user-defined property "INIT =  E4" for instance <pc_loop[7].value_select_mux> in unit <kcpsm3>.
    Set user-defined property "INIT =  0" for instance <pc_loop[7].register_bit> in unit <kcpsm3>.
    Set user-defined property "INIT =  E4" for instance <pc_loop[8].vector_select_mux> in unit <kcpsm3>.
    Set user-defined property "INIT =  E4" for instance <pc_loop[8].value_select_mux> in unit <kcpsm3>.
    Set user-defined property "INIT =  0" for instance <pc_loop[8].register_bit> in unit <kcpsm3>.
    Set user-defined property "INIT =  E4" for instance <pc_loop[9].vector_select_mux> in unit <kcpsm3>.
    Set user-defined property "INIT =  E4" for instance <pc_loop[9].value_select_mux> in unit <kcpsm3>.
    Set user-defined property "INIT =  0" for instance <pc_loop[9].register_bit> in unit <kcpsm3>.
    Set user-defined property "INIT =  0145" for instance <register_type_lut> in unit <kcpsm3>.
    Set user-defined property "INIT =  0" for instance <register_write_flop> in unit <kcpsm3>.
    Set user-defined property "INIT =  8" for instance <register_enable_lut> in unit <kcpsm3>.
    Set user-defined property "INIT =  0000" for instance <reg_loop[0].register_bit> in unit <kcpsm3>.
    Set user-defined property "INIT =  E4" for instance <reg_loop[0].operand_select_mux> in unit <kcpsm3>.
    Set user-defined property "INIT =  0000" for instance <reg_loop[1].register_bit> in unit <kcpsm3>.
    Set user-defined property "INIT =  E4" for instance <reg_loop[1].operand_select_mux> in unit <kcpsm3>.
    Set user-defined property "INIT =  0000" for instance <reg_loop[2].register_bit> in unit <kcpsm3>.
    Set user-defined property "INIT =  E4" for instance <reg_loop[2].operand_select_mux> in unit <kcpsm3>.
    Set user-defined property "INIT =  0000" for instance <reg_loop[3].register_bit> in unit <kcpsm3>.
    Set user-defined property "INIT =  E4" for instance <reg_loop[3].operand_select_mux> in unit <kcpsm3>.
    Set user-defined property "INIT =  0000" for instance <reg_loop[4].register_bit> in unit <kcpsm3>.
    Set user-defined property "INIT =  E4" for instance <reg_loop[4].operand_select_mux> in unit <kcpsm3>.
    Set user-defined property "INIT =  0000" for instance <reg_loop[5].register_bit> in unit <kcpsm3>.
    Set user-defined property "INIT =  E4" for instance <reg_loop[5].operand_select_mux> in unit <kcpsm3>.
    Set user-defined property "INIT =  0000" for instance <reg_loop[6].register_bit> in unit <kcpsm3>.
    Set user-defined property "INIT =  E4" for instance <reg_loop[6].operand_select_mux> in unit <kcpsm3>.
    Set user-defined property "INIT =  0000" for instance <reg_loop[7].register_bit> in unit <kcpsm3>.
    Set user-defined property "INIT =  E4" for instance <reg_loop[7].operand_select_mux> in unit <kcpsm3>.
    Set user-defined property "INIT =  0400" for instance <memory_type_lut> in unit <kcpsm3>.
    Set user-defined property "INIT =  0" for instance <memory_write_flop> in unit <kcpsm3>.
    Set user-defined property "INIT =  8000" for instance <memory_enable_lut> in unit <kcpsm3>.
    Set user-defined property "INIT =  0000000000000000" for instance <store_loop[0].memory_bit> in unit <kcpsm3>.
    Set user-defined property "INIT =  0" for instance <store_loop[0].store_flop> in unit <kcpsm3>.
    Set user-defined property "INIT =  0000000000000000" for instance <store_loop[1].memory_bit> in unit <kcpsm3>.
    Set user-defined property "INIT =  0" for instance <store_loop[1].store_flop> in unit <kcpsm3>.
    Set user-defined property "INIT =  0000000000000000" for instance <store_loop[2].memory_bit> in unit <kcpsm3>.
    Set user-defined property "INIT =  0" for instance <store_loop[2].store_flop> in unit <kcpsm3>.
    Set user-defined property "INIT =  0000000000000000" for instance <store_loop[3].memory_bit> in unit <kcpsm3>.
    Set user-defined property "INIT =  0" for instance <store_loop[3].store_flop> in unit <kcpsm3>.
    Set user-defined property "INIT =  0000000000000000" for instance <store_loop[4].memory_bit> in unit <kcpsm3>.
    Set user-defined property "INIT =  0" for instance <store_loop[4].store_flop> in unit <kcpsm3>.
    Set user-defined property "INIT =  0000000000000000" for instance <store_loop[5].memory_bit> in unit <kcpsm3>.
    Set user-defined property "INIT =  0" for instance <store_loop[5].store_flop> in unit <kcpsm3>.
    Set user-defined property "INIT =  0000000000000000" for instance <store_loop[6].memory_bit> in unit <kcpsm3>.
    Set user-defined property "INIT =  0" for instance <store_loop[6].store_flop> in unit <kcpsm3>.
    Set user-defined property "INIT =  0000000000000000" for instance <store_loop[7].memory_bit> in unit <kcpsm3>.
    Set user-defined property "INIT =  0" for instance <store_loop[7].store_flop> in unit <kcpsm3>.
    Set user-defined property "INIT =  FFE2" for instance <sel_logical_lut> in unit <kcpsm3>.
    Set user-defined property "INIT =  6E8A" for instance <logical_loop[0].logical_lut> in unit <kcpsm3>.
    Set user-defined property "INIT =  0" for instance <logical_loop[0].logical_flop> in unit <kcpsm3>.
    Set user-defined property "INIT =  6E8A" for instance <logical_loop[1].logical_lut> in unit <kcpsm3>.
    Set user-defined property "INIT =  0" for instance <logical_loop[1].logical_flop> in unit <kcpsm3>.
    Set user-defined property "INIT =  6E8A" for instance <logical_loop[2].logical_lut> in unit <kcpsm3>.
    Set user-defined property "INIT =  0" for instance <logical_loop[2].logical_flop> in unit <kcpsm3>.
    Set user-defined property "INIT =  6E8A" for instance <logical_loop[3].logical_lut> in unit <kcpsm3>.
    Set user-defined property "INIT =  0" for instance <logical_loop[3].logical_flop> in unit <kcpsm3>.
    Set user-defined property "INIT =  6E8A" for instance <logical_loop[4].logical_lut> in unit <kcpsm3>.
    Set user-defined property "INIT =  0" for instance <logical_loop[4].logical_flop> in unit <kcpsm3>.
    Set user-defined property "INIT =  6E8A" for instance <logical_loop[5].logical_lut> in unit <kcpsm3>.
    Set user-defined property "INIT =  0" for instance <logical_loop[5].logical_flop> in unit <kcpsm3>.
    Set user-defined property "INIT =  6E8A" for instance <logical_loop[6].logical_lut> in unit <kcpsm3>.
    Set user-defined property "INIT =  0" for instance <logical_loop[6].logical_flop> in unit <kcpsm3>.
    Set user-defined property "INIT =  6E8A" for instance <logical_loop[7].logical_lut> in unit <kcpsm3>.
    Set user-defined property "INIT =  0" for instance <logical_loop[7].logical_flop> in unit <kcpsm3>.
    Set user-defined property "INIT =  E4" for instance <high_shift_in_lut> in unit <kcpsm3>.
    Set user-defined property "INIT =  E4" for instance <low_shift_in_lut> in unit <kcpsm3>.
    Set user-defined property "INIT =  E4" for instance <shift_carry_lut> in unit <kcpsm3>.
    Set user-defined property "INIT =  0" for instance <pipeline_bit> in unit <kcpsm3>.
    Set user-defined property "INIT =  E4" for instance <shift_loop[0].lsb_shift.shift_mux_lut> in unit <kcpsm3>.
    Set user-defined property "INIT =  0" for instance <shift_loop[0].shift_flop> in unit <kcpsm3>.
    Set user-defined property "INIT =  E4" for instance <shift_loop[1].mid_shift.shift_mux_lut> in unit <kcpsm3>.
    Set user-defined property "INIT =  0" for instance <shift_loop[1].shift_flop> in unit <kcpsm3>.
    Set user-defined property "INIT =  E4" for instance <shift_loop[2].mid_shift.shift_mux_lut> in unit <kcpsm3>.
    Set user-defined property "INIT =  0" for instance <shift_loop[2].shift_flop> in unit <kcpsm3>.
    Set user-defined property "INIT =  E4" for instance <shift_loop[3].mid_shift.shift_mux_lut> in unit <kcpsm3>.
    Set user-defined property "INIT =  0" for instance <shift_loop[3].shift_flop> in unit <kcpsm3>.
    Set user-defined property "INIT =  E4" for instance <shift_loop[4].mid_shift.shift_mux_lut> in unit <kcpsm3>.
    Set user-defined property "INIT =  0" for instance <shift_loop[4].shift_flop> in unit <kcpsm3>.
    Set user-defined property "INIT =  E4" for instance <shift_loop[5].mid_shift.shift_mux_lut> in unit <kcpsm3>.
    Set user-defined property "INIT =  0" for instance <shift_loop[5].shift_flop> in unit <kcpsm3>.
    Set user-defined property "INIT =  E4" for instance <shift_loop[6].mid_shift.shift_mux_lut> in unit <kcpsm3>.
    Set user-defined property "INIT =  0" for instance <shift_loop[6].shift_flop> in unit <kcpsm3>.
    Set user-defined property "INIT =  E4" for instance <shift_loop[7].msb_shift.shift_mux_lut> in unit <kcpsm3>.
    Set user-defined property "INIT =  0" for instance <shift_loop[7].shift_flop> in unit <kcpsm3>.
    Set user-defined property "INIT =  1F" for instance <sel_arith_lut> in unit <kcpsm3>.
    Set user-defined property "INIT =  6C" for instance <arith_loop[0].lsb_arith.arith_carry_in_lut> in unit <kcpsm3>.
    Set user-defined property "INIT =  96" for instance <arith_loop[0].arith_lut> in unit <kcpsm3>.
    Set user-defined property "INIT =  0" for instance <arith_loop[0].arith_flop> in unit <kcpsm3>.
    Set user-defined property "INIT =  96" for instance <arith_loop[1].arith_lut> in unit <kcpsm3>.
    Set user-defined property "INIT =  0" for instance <arith_loop[1].arith_flop> in unit <kcpsm3>.
    Set user-defined property "INIT =  96" for instance <arith_loop[2].arith_lut> in unit <kcpsm3>.
    Set user-defined property "INIT =  0" for instance <arith_loop[2].arith_flop> in unit <kcpsm3>.
    Set user-defined property "INIT =  96" for instance <arith_loop[3].arith_lut> in unit <kcpsm3>.
    Set user-defined property "INIT =  0" for instance <arith_loop[3].arith_flop> in unit <kcpsm3>.
    Set user-defined property "INIT =  96" for instance <arith_loop[4].arith_lut> in unit <kcpsm3>.
    Set user-defined property "INIT =  0" for instance <arith_loop[4].arith_flop> in unit <kcpsm3>.
    Set user-defined property "INIT =  96" for instance <arith_loop[5].arith_lut> in unit <kcpsm3>.
    Set user-defined property "INIT =  0" for instance <arith_loop[5].arith_flop> in unit <kcpsm3>.
    Set user-defined property "INIT =  96" for instance <arith_loop[6].arith_lut> in unit <kcpsm3>.
    Set user-defined property "INIT =  0" for instance <arith_loop[6].arith_flop> in unit <kcpsm3>.
WARNING:Xst:1961 - The length of the hex value for the attribute INIT on instance arith_loop[7].msb_arith.arith_carry_out_lut should be 2 bits long. The current value set is 4 bits long.  Value has been truncated
    Set user-defined property "INIT =  2" for instance <arith_loop[7].msb_arith.arith_carry_out_lut> in unit <kcpsm3>.
    Set user-defined property "INIT =  0" for instance <arith_loop[7].msb_arith.arith_carry_flop> in unit <kcpsm3>.
    Set user-defined property "INIT =  96" for instance <arith_loop[7].arith_lut> in unit <kcpsm3>.
    Set user-defined property "INIT =  0" for instance <arith_loop[7].arith_flop> in unit <kcpsm3>.
    Set user-defined property "INIT =  0002" for instance <input_fetch_type_lut> in unit <kcpsm3>.
    Set user-defined property "INIT =  0" for instance <sel_group_flop> in unit <kcpsm3>.
    Set user-defined property "INIT =  FE" for instance <alu_mux_loop[0].or_lut> in unit <kcpsm3>.
    Set user-defined property "INIT =  E4" for instance <alu_mux_loop[0].mux_lut> in unit <kcpsm3>.
    Set user-defined property "INIT =  FE" for instance <alu_mux_loop[1].or_lut> in unit <kcpsm3>.
    Set user-defined property "INIT =  E4" for instance <alu_mux_loop[1].mux_lut> in unit <kcpsm3>.
    Set user-defined property "INIT =  FE" for instance <alu_mux_loop[2].or_lut> in unit <kcpsm3>.
    Set user-defined property "INIT =  E4" for instance <alu_mux_loop[2].mux_lut> in unit <kcpsm3>.
    Set user-defined property "INIT =  FE" for instance <alu_mux_loop[3].or_lut> in unit <kcpsm3>.
    Set user-defined property "INIT =  E4" for instance <alu_mux_loop[3].mux_lut> in unit <kcpsm3>.
    Set user-defined property "INIT =  FE" for instance <alu_mux_loop[4].or_lut> in unit <kcpsm3>.
    Set user-defined property "INIT =  E4" for instance <alu_mux_loop[4].mux_lut> in unit <kcpsm3>.
    Set user-defined property "INIT =  FE" for instance <alu_mux_loop[5].or_lut> in unit <kcpsm3>.
    Set user-defined property "INIT =  E4" for instance <alu_mux_loop[5].mux_lut> in unit <kcpsm3>.
    Set user-defined property "INIT =  FE" for instance <alu_mux_loop[6].or_lut> in unit <kcpsm3>.
    Set user-defined property "INIT =  E4" for instance <alu_mux_loop[6].mux_lut> in unit <kcpsm3>.
    Set user-defined property "INIT =  FE" for instance <alu_mux_loop[7].or_lut> in unit <kcpsm3>.
    Set user-defined property "INIT =  E4" for instance <alu_mux_loop[7].mux_lut> in unit <kcpsm3>.
    Set user-defined property "INIT =  0010" for instance <io_decode_lut> in unit <kcpsm3>.
    Set user-defined property "INIT =  4000" for instance <write_active_lut> in unit <kcpsm3>.
    Set user-defined property "INIT =  0" for instance <write_strobe_flop> in unit <kcpsm3>.
    Set user-defined property "INIT =  0100" for instance <read_active_lut> in unit <kcpsm3>.
    Set user-defined property "INIT =  0" for instance <read_strobe_flop> in unit <kcpsm3>.
    Set user-defined property "INIT =  00000000" for instance <stack_ram_loop[0].stack_bit> in unit <kcpsm3>.
    Set user-defined property "INIT =  0" for instance <stack_ram_loop[0].stack_flop> in unit <kcpsm3>.
    Set user-defined property "INIT =  00000000" for instance <stack_ram_loop[1].stack_bit> in unit <kcpsm3>.
    Set user-defined property "INIT =  0" for instance <stack_ram_loop[1].stack_flop> in unit <kcpsm3>.
    Set user-defined property "INIT =  00000000" for instance <stack_ram_loop[2].stack_bit> in unit <kcpsm3>.
    Set user-defined property "INIT =  0" for instance <stack_ram_loop[2].stack_flop> in unit <kcpsm3>.
    Set user-defined property "INIT =  00000000" for instance <stack_ram_loop[3].stack_bit> in unit <kcpsm3>.
    Set user-defined property "INIT =  0" for instance <stack_ram_loop[3].stack_flop> in unit <kcpsm3>.
    Set user-defined property "INIT =  00000000" for instance <stack_ram_loop[4].stack_bit> in unit <kcpsm3>.
    Set user-defined property "INIT =  0" for instance <stack_ram_loop[4].stack_flop> in unit <kcpsm3>.
    Set user-defined property "INIT =  00000000" for instance <stack_ram_loop[5].stack_bit> in unit <kcpsm3>.
    Set user-defined property "INIT =  0" for instance <stack_ram_loop[5].stack_flop> in unit <kcpsm3>.
    Set user-defined property "INIT =  00000000" for instance <stack_ram_loop[6].stack_bit> in unit <kcpsm3>.
    Set user-defined property "INIT =  0" for instance <stack_ram_loop[6].stack_flop> in unit <kcpsm3>.
    Set user-defined property "INIT =  00000000" for instance <stack_ram_loop[7].stack_bit> in unit <kcpsm3>.
    Set user-defined property "INIT =  0" for instance <stack_ram_loop[7].stack_flop> in unit <kcpsm3>.
    Set user-defined property "INIT =  00000000" for instance <stack_ram_loop[8].stack_bit> in unit <kcpsm3>.
    Set user-defined property "INIT =  0" for instance <stack_ram_loop[8].stack_flop> in unit <kcpsm3>.
    Set user-defined property "INIT =  00000000" for instance <stack_ram_loop[9].stack_bit> in unit <kcpsm3>.
    Set user-defined property "INIT =  0" for instance <stack_ram_loop[9].stack_flop> in unit <kcpsm3>.
    Set user-defined property "INIT =  0" for instance <stack_count_loop[0].register_bit> in unit <kcpsm3>.
    Set user-defined property "INIT =  6555" for instance <stack_count_loop[0].lsb_stack_count.count_lut> in unit <kcpsm3>.
    Set user-defined property "INIT =  0" for instance <stack_count_loop[1].register_bit> in unit <kcpsm3>.
    Set user-defined property "INIT =  A999" for instance <stack_count_loop[1].mid_stack_count.count_lut> in unit <kcpsm3>.
    Set user-defined property "INIT =  0" for instance <stack_count_loop[2].register_bit> in unit <kcpsm3>.
    Set user-defined property "INIT =  A999" for instance <stack_count_loop[2].mid_stack_count.count_lut> in unit <kcpsm3>.
    Set user-defined property "INIT =  0" for instance <stack_count_loop[3].register_bit> in unit <kcpsm3>.
    Set user-defined property "INIT =  A999" for instance <stack_count_loop[3].mid_stack_count.count_lut> in unit <kcpsm3>.
    Set user-defined property "INIT =  0" for instance <stack_count_loop[4].register_bit> in unit <kcpsm3>.
    Set user-defined property "INIT =  A999" for instance <stack_count_loop[4].msb_stack_count.count_lut> in unit <kcpsm3>.
Entity <kcpsm3> analyzed. Unit <kcpsm3> generated.


=========================================================================
*                           HDL Synthesis                               *
=========================================================================

Performing bidirectional port resolution...

Synthesizing Unit <input_port>.
    Related source file is "/home/leon/Documents/Code/sistemas-empotrados-S6/ISE/pb3-tarea3/input_port.vhd".
    Found 8-bit register for signal <output_v>.
    Summary:
	inferred   8 D-type flip-flop(s).
Unit <input_port> synthesized.


Synthesizing Unit <out_port>.
    Related source file is "/home/leon/Documents/Code/sistemas-empotrados-S6/ISE/pb3-tarea3/out_port.vhd".
    Found 8-bit register for signal <output_00>.
    Found 8-bit register for signal <output_01>.
    Found 8-bit register for signal <output_02>.
    Found 8-bit register for signal <output_03>.
    Found 8-bit register for signal <output_04>.
    Found 8-bit register for signal <output_05>.
    Found 8-bit register for signal <output_06>.
    Found 8-bit register for signal <output_07>.
    Found 8-bit register for signal <output_08>.
    Found 8-bit register for signal <output_09>.
    Summary:
	inferred  80 D-type flip-flop(s).
Unit <out_port> synthesized.


Synthesizing Unit <kcpsm3>.
    Related source file is "/home/leon/Documents/Code/sistemas-empotrados-S6/ISE/pb3-tarea3/kcpsm3.vhd".
Unit <kcpsm3> synthesized.


Synthesizing Unit <todo>.
    Related source file is "/home/leon/Documents/Code/sistemas-empotrados-S6/ISE/pb3-tarea3/todo.vhf".
WARNING:Xst:653 - Signal <pb3_instruction_openSignal> is used but never assigned. This sourceless signal will be automatically connected to value 000000000000000000.
WARNING:Xst:653 - Signal <inport_input_09_openSignal> is used but never assigned. This sourceless signal will be automatically connected to value 00000000.
WARNING:Xst:653 - Signal <inport_input_08_openSignal> is used but never assigned. This sourceless signal will be automatically connected to value 00000000.
WARNING:Xst:653 - Signal <inport_input_07_openSignal> is used but never assigned. This sourceless signal will be automatically connected to value 00000000.
WARNING:Xst:653 - Signal <inport_input_06_openSignal> is used but never assigned. This sourceless signal will be automatically connected to value 00000000.
WARNING:Xst:653 - Signal <inport_input_05_openSignal> is used but never assigned. This sourceless signal will be automatically connected to value 00000000.
WARNING:Xst:653 - Signal <inport_input_04_openSignal> is used but never assigned. This sourceless signal will be automatically connected to value 00000000.
WARNING:Xst:653 - Signal <inport_input_03_openSignal> is used but never assigned. This sourceless signal will be automatically connected to value 00000000.
WARNING:Xst:653 - Signal <inport_input_02_openSignal> is used but never assigned. This sourceless signal will be automatically connected to value 00000000.
WARNING:Xst:653 - Signal <inport_input_01_openSignal> is used but never assigned. This sourceless signal will be automatically connected to value 00000000.
Unit <todo> synthesized.


=========================================================================
HDL Synthesis Report

Macro Statistics
# Registers                                            : 11
 8-bit register                                        : 11

=========================================================================

=========================================================================
*                       Advanced HDL Synthesis                          *
=========================================================================


=========================================================================
Advanced HDL Synthesis Report

Macro Statistics
# Registers                                            : 164
 Flip-Flops                                            : 164

=========================================================================

=========================================================================
*                         Low Level Synthesis                           *
=========================================================================

Optimizing unit <todo> ...

Optimizing unit <input_port> ...

Optimizing unit <out_port> ...

Optimizing unit <kcpsm3> ...
WARNING:Xst:2677 - Node <oport/output_09_7> of sequential type is unconnected in block <todo>.
WARNING:Xst:2677 - Node <oport/output_09_6> of sequential type is unconnected in block <todo>.
WARNING:Xst:2677 - Node <oport/output_09_5> of sequential type is unconnected in block <todo>.
WARNING:Xst:2677 - Node <oport/output_09_4> of sequential type is unconnected in block <todo>.
WARNING:Xst:2677 - Node <oport/output_09_3> of sequential type is unconnected in block <todo>.
WARNING:Xst:2677 - Node <oport/output_09_2> of sequential type is unconnected in block <todo>.
WARNING:Xst:2677 - Node <oport/output_09_1> of sequential type is unconnected in block <todo>.
WARNING:Xst:2677 - Node <oport/output_09_0> of sequential type is unconnected in block <todo>.
WARNING:Xst:2677 - Node <oport/output_08_7> of sequential type is unconnected in block <todo>.
WARNING:Xst:2677 - Node <oport/output_08_6> of sequential type is unconnected in block <todo>.
WARNING:Xst:2677 - Node <oport/output_08_5> of sequential type is unconnected in block <todo>.
WARNING:Xst:2677 - Node <oport/output_08_4> of sequential type is unconnected in block <todo>.
WARNING:Xst:2677 - Node <oport/output_08_3> of sequential type is unconnected in block <todo>.
WARNING:Xst:2677 - Node <oport/output_08_2> of sequential type is unconnected in block <todo>.
WARNING:Xst:2677 - Node <oport/output_08_1> of sequential type is unconnected in block <todo>.
WARNING:Xst:2677 - Node <oport/output_08_0> of sequential type is unconnected in block <todo>.
WARNING:Xst:2677 - Node <oport/output_06_7> of sequential type is unconnected in block <todo>.
WARNING:Xst:2677 - Node <oport/output_06_6> of sequential type is unconnected in block <todo>.
WARNING:Xst:2677 - Node <oport/output_06_5> of sequential type is unconnected in block <todo>.
WARNING:Xst:2677 - Node <oport/output_06_4> of sequential type is unconnected in block <todo>.
WARNING:Xst:2677 - Node <oport/output_06_3> of sequential type is unconnected in block <todo>.
WARNING:Xst:2677 - Node <oport/output_06_2> of sequential type is unconnected in block <todo>.
WARNING:Xst:2677 - Node <oport/output_06_1> of sequential type is unconnected in block <todo>.
WARNING:Xst:2677 - Node <oport/output_06_0> of sequential type is unconnected in block <todo>.
WARNING:Xst:2677 - Node <oport/output_05_7> of sequential type is unconnected in block <todo>.
WARNING:Xst:2677 - Node <oport/output_05_6> of sequential type is unconnected in block <todo>.
WARNING:Xst:2677 - Node <oport/output_05_5> of sequential type is unconnected in block <todo>.
WARNING:Xst:2677 - Node <oport/output_05_4> of sequential type is unconnected in block <todo>.
WARNING:Xst:2677 - Node <oport/output_05_3> of sequential type is unconnected in block <todo>.
WARNING:Xst:2677 - Node <oport/output_05_2> of sequential type is unconnected in block <todo>.
WARNING:Xst:2677 - Node <oport/output_05_1> of sequential type is unconnected in block <todo>.
WARNING:Xst:2677 - Node <oport/output_05_0> of sequential type is unconnected in block <todo>.
WARNING:Xst:2677 - Node <oport/output_07_7> of sequential type is unconnected in block <todo>.
WARNING:Xst:2677 - Node <oport/output_07_6> of sequential type is unconnected in block <todo>.
WARNING:Xst:2677 - Node <oport/output_07_5> of sequential type is unconnected in block <todo>.
WARNING:Xst:2677 - Node <oport/output_07_4> of sequential type is unconnected in block <todo>.
WARNING:Xst:2677 - Node <oport/output_07_3> of sequential type is unconnected in block <todo>.
WARNING:Xst:2677 - Node <oport/output_07_2> of sequential type is unconnected in block <todo>.
WARNING:Xst:2677 - Node <oport/output_07_1> of sequential type is unconnected in block <todo>.
WARNING:Xst:2677 - Node <oport/output_07_0> of sequential type is unconnected in block <todo>.
WARNING:Xst:2677 - Node <oport/output_04_7> of sequential type is unconnected in block <todo>.
WARNING:Xst:2677 - Node <oport/output_04_6> of sequential type is unconnected in block <todo>.
WARNING:Xst:2677 - Node <oport/output_04_5> of sequential type is unconnected in block <todo>.
WARNING:Xst:2677 - Node <oport/output_04_4> of sequential type is unconnected in block <todo>.
WARNING:Xst:2677 - Node <oport/output_04_3> of sequential type is unconnected in block <todo>.
WARNING:Xst:2677 - Node <oport/output_04_2> of sequential type is unconnected in block <todo>.
WARNING:Xst:2677 - Node <oport/output_04_1> of sequential type is unconnected in block <todo>.
WARNING:Xst:2677 - Node <oport/output_04_0> of sequential type is unconnected in block <todo>.
WARNING:Xst:2677 - Node <oport/output_03_7> of sequential type is unconnected in block <todo>.
WARNING:Xst:2677 - Node <oport/output_03_6> of sequential type is unconnected in block <todo>.
WARNING:Xst:2677 - Node <oport/output_03_5> of sequential type is unconnected in block <todo>.
WARNING:Xst:2677 - Node <oport/output_03_4> of sequential type is unconnected in block <todo>.
WARNING:Xst:2677 - Node <oport/output_03_3> of sequential type is unconnected in block <todo>.
WARNING:Xst:2677 - Node <oport/output_03_2> of sequential type is unconnected in block <todo>.
WARNING:Xst:2677 - Node <oport/output_03_1> of sequential type is unconnected in block <todo>.
WARNING:Xst:2677 - Node <oport/output_03_0> of sequential type is unconnected in block <todo>.
WARNING:Xst:2677 - Node <oport/output_01_7> of sequential type is unconnected in block <todo>.
WARNING:Xst:2677 - Node <oport/output_01_6> of sequential type is unconnected in block <todo>.
WARNING:Xst:2677 - Node <oport/output_01_5> of sequential type is unconnected in block <todo>.
WARNING:Xst:2677 - Node <oport/output_01_4> of sequential type is unconnected in block <todo>.
WARNING:Xst:2677 - Node <oport/output_01_3> of sequential type is unconnected in block <todo>.
WARNING:Xst:2677 - Node <oport/output_01_2> of sequential type is unconnected in block <todo>.
WARNING:Xst:2677 - Node <oport/output_01_1> of sequential type is unconnected in block <todo>.
WARNING:Xst:2677 - Node <oport/output_01_0> of sequential type is unconnected in block <todo>.
WARNING:Xst:2677 - Node <oport/output_02_7> of sequential type is unconnected in block <todo>.
WARNING:Xst:2677 - Node <oport/output_02_6> of sequential type is unconnected in block <todo>.
WARNING:Xst:2677 - Node <oport/output_02_5> of sequential type is unconnected in block <todo>.
WARNING:Xst:2677 - Node <oport/output_02_4> of sequential type is unconnected in block <todo>.
WARNING:Xst:2677 - Node <oport/output_02_3> of sequential type is unconnected in block <todo>.
WARNING:Xst:2677 - Node <oport/output_02_2> of sequential type is unconnected in block <todo>.
WARNING:Xst:2677 - Node <oport/output_02_1> of sequential type is unconnected in block <todo>.
WARNING:Xst:2677 - Node <oport/output_02_0> of sequential type is unconnected in block <todo>.

Mapping all equations...
Building and optimizing final netlist ...
Found area constraint ratio of 100 (+ 5) on block todo, actual ratio is 2.

Final Macro Processing ...

=========================================================================
Final Register Report

Macro Statistics
# Registers                                            : 92
 Flip-Flops                                            : 92

=========================================================================

=========================================================================
*                           Partition Report                            *
=========================================================================

Partition Implementation Status
-------------------------------

  No Partitions were found in this design.

-------------------------------

=========================================================================
*                            Final Report                               *
=========================================================================
Final Results
RTL Top Level Output File Name     : todo.ngr
Top Level Output File Name         : todo
Output Format                      : NGC
Optimization Goal                  : Speed
Keep Hierarchy                     : No

Design Statistics
# IOs                              : 19

Cell Usage :
# BELS                             : 213
#      GND                         : 1
#      INV                         : 4
#      LUT1                        : 2
#      LUT2                        : 6
#      LUT3                        : 69
#      LUT4                        : 45
#      MUXCY                       : 39
#      MUXF5                       : 9
#      VCC                         : 1
#      XORCY                       : 37
# FlipFlops/Latches                : 92
#      FD                          : 24
#      FDC                         : 8
#      FDCE                        : 8
#      FDE                         : 2
#      FDR                         : 30
#      FDRE                        : 8
#      FDRSE                       : 10
#      FDS                         : 2
# RAMS                             : 26
#      RAM16X1D                    : 8
#      RAM32X1S                    : 10
#      RAM64X1S                    : 8
# Clock Buffers                    : 1
#      BUFGP                       : 1
# IO Buffers                       : 18
#      IBUF                        : 10
#      OBUF                        : 8
=========================================================================

Device utilization summary:
---------------------------

Selected Device : 3s500efg320-4 

 Number of Slices:                       99  out of   4656     2%  
 Number of Slice Flip Flops:             84  out of   9312     0%  
 Number of 4 input LUTs:                194  out of   9312     2%  
    Number used as logic:               126
    Number used as RAMs:                 68
 Number of IOs:                          19
 Number of bonded IOBs:                  19  out of    232     8%  
    IOB Flip Flops:                       8
 Number of GCLKs:                         1  out of     24     4%  

---------------------------
Partition Resource Summary:
---------------------------

  No Partitions were found in this design.

---------------------------


=========================================================================
TIMING REPORT

NOTE: THESE TIMING NUMBERS ARE ONLY A SYNTHESIS ESTIMATE.
      FOR ACCURATE TIMING INFORMATION PLEASE REFER TO THE TRACE REPORT
      GENERATED AFTER PLACE-and-ROUTE.

Clock Information:
------------------
-----------------------------------+------------------------+-------+
Clock Signal                       | Clock buffer(FF name)  | Load  |
-----------------------------------+------------------------+-------+
XLXN_2                             | NONE(inport/output_v_7)| 8     |
XLXN_5                             | NONE(oport/output_00_7)| 8     |
CLK                                | BUFGP                  | 102   |
-----------------------------------+------------------------+-------+
INFO:Xst:2169 - HDL ADVISOR - Some clock signals were not automatically buffered by XST with BUFG/BUFR resources. Please use the buffer_type constraint in order to insert these buffers to the clock signals to help prevent skew problems.

Asynchronous Control Signals Information:
----------------------------------------
-----------------------------------+------------------------+-------+
Control Signal                     | Buffer(FF name)        | Load  |
-----------------------------------+------------------------+-------+
RST                                | IBUF                   | 16    |
-----------------------------------+------------------------+-------+

Timing Summary:
---------------
Speed Grade: -4

   Minimum period: 7.147ns (Maximum Frequency: 139.919MHz)
   Minimum input arrival time before clock: 3.197ns
   Maximum output required time after clock: 4.283ns
   Maximum combinational path delay: No path found

Timing Detail:
--------------
All values displayed in nanoseconds (ns)

=========================================================================
Timing constraint: Default period analysis for Clock 'XLXN_2'
  Clock period: 2.129ns (frequency: 469.704MHz)
  Total number of paths / destination ports: 8 / 8
-------------------------------------------------------------------------
Delay:               2.129ns (Levels of Logic = 1)
  Source:            inport/output_v_7 (FF)
  Destination:       inport/output_v_7 (FF)
  Source Clock:      XLXN_2 rising
  Destination Clock: XLXN_2 rising

  Data Path: inport/output_v_7 to inport/output_v_7
                                Gate     Net
    Cell:in->out      fanout   Delay   Delay  Logical Name (Net Name)
    ----------------------------------------  ------------
     FDC:C->Q              2   0.591   0.526  inport/output_v_7 (inport/output_v_7)
     LUT4:I1->O            1   0.704   0.000  inport/output_v_mux0000<7>1 (inport/output_v_mux0000<7>)
     FDC:D                     0.308          inport/output_v_7
    ----------------------------------------
    Total                      2.129ns (1.603ns logic, 0.526ns route)
                                       (75.3% logic, 24.7% route)

=========================================================================
Timing constraint: Default period analysis for Clock 'CLK'
  Clock period: 7.147ns (frequency: 139.919MHz)
  Total number of paths / destination ports: 1096 / 275
-------------------------------------------------------------------------
Delay:               7.147ns (Levels of Logic = 13)
  Source:            pb3/carry_flag_flop (FF)
  Destination:       pb3/pc_loop[9].register_bit (FF)
  Source Clock:      CLK rising
  Destination Clock: CLK rising

  Data Path: pb3/carry_flag_flop to pb3/pc_loop[9].register_bit
                                Gate     Net
    Cell:in->out      fanout   Delay   Delay  Logical Name (Net Name)
    ----------------------------------------  ------------
     FDRE:C->Q             4   0.591   0.762  pb3/carry_flag_flop (pb3/carry_flag)
     LUT4:I0->O            2   0.704   0.526  pb3/condition_met_lut (pb3/condition_met)
     LUT3:I1->O           11   0.704   1.108  pb3/normal_count_lut (pb3/normal_count)
     LUT3:I0->O            1   0.704   0.000  pb3/pc_loop[0].value_select_mux (pb3/pc_value<0>)
     MUXCY:S->O            1   0.464   0.000  pb3/pc_loop[0].pc_lsb_carry.pc_value_muxcy (pb3/pc_value_carry<0>)
     MUXCY:CI->O           1   0.059   0.000  pb3/pc_loop[1].pc_mid_carry.pc_value_muxcy (pb3/pc_value_carry<1>)
     MUXCY:CI->O           1   0.059   0.000  pb3/pc_loop[2].pc_mid_carry.pc_value_muxcy (pb3/pc_value_carry<2>)
     MUXCY:CI->O           1   0.059   0.000  pb3/pc_loop[3].pc_mid_carry.pc_value_muxcy (pb3/pc_value_carry<3>)
     MUXCY:CI->O           1   0.059   0.000  pb3/pc_loop[4].pc_mid_carry.pc_value_muxcy (pb3/pc_value_carry<4>)
     MUXCY:CI->O           1   0.059   0.000  pb3/pc_loop[5].pc_mid_carry.pc_value_muxcy (pb3/pc_value_carry<5>)
     MUXCY:CI->O           1   0.059   0.000  pb3/pc_loop[6].pc_mid_carry.pc_value_muxcy (pb3/pc_value_carry<6>)
     MUXCY:CI->O           1   0.059   0.000  pb3/pc_loop[7].pc_mid_carry.pc_value_muxcy (pb3/pc_value_carry<7>)
     MUXCY:CI->O           0   0.059   0.000  pb3/pc_loop[8].pc_mid_carry.pc_value_muxcy (pb3/pc_value_carry<8>)
     XORCY:CI->O           1   0.804   0.000  pb3/pc_loop[9].pc_msb_carry.pc_value_xor (pb3/inc_pc_value<9>)
     FDRSE:D                   0.308          pb3/pc_loop[9].register_bit
    ----------------------------------------
    Total                      7.147ns (4.751ns logic, 2.396ns route)
                                       (66.5% logic, 33.5% route)

=========================================================================
Timing constraint: Default OFFSET IN BEFORE for Clock 'XLXN_2'
  Total number of paths / destination ports: 8 / 8
-------------------------------------------------------------------------
Offset:              2.685ns (Levels of Logic = 2)
  Source:            input00<7> (PAD)
  Destination:       inport/output_v_7 (FF)
  Destination Clock: XLXN_2 rising

  Data Path: input00<7> to inport/output_v_7
                                Gate     Net
    Cell:in->out      fanout   Delay   Delay  Logical Name (Net Name)
    ----------------------------------------  ------------
     IBUF:I->O             1   1.218   0.455  input00_7_IBUF (input00_7_IBUF)
     LUT4:I2->O            1   0.704   0.000  inport/output_v_mux0000<7>1 (inport/output_v_mux0000<7>)
     FDC:D                     0.308          inport/output_v_7
    ----------------------------------------
    Total                      2.685ns (2.230ns logic, 0.455ns route)
                                       (83.1% logic, 16.9% route)

=========================================================================
Timing constraint: Default OFFSET IN BEFORE for Clock 'CLK'
  Total number of paths / destination ports: 3 / 3
-------------------------------------------------------------------------
Offset:              3.197ns (Levels of Logic = 1)
  Source:            RST (PAD)
  Destination:       pb3/reset_flop2 (FF)
  Destination Clock: CLK rising

  Data Path: RST to pb3/reset_flop2
                                Gate     Net
    Cell:in->out      fanout   Delay   Delay  Logical Name (Net Name)
    ----------------------------------------  ------------
     IBUF:I->O            18   1.218   1.068  RST_IBUF (RST_IBUF)
     FDS:S                     0.911          pb3/reset_flop1
    ----------------------------------------
    Total                      3.197ns (2.129ns logic, 1.068ns route)
                                       (66.6% logic, 33.4% route)

=========================================================================
Timing constraint: Default OFFSET OUT AFTER for Clock 'XLXN_5'
  Total number of paths / destination ports: 8 / 8
-------------------------------------------------------------------------
Offset:              4.283ns (Levels of Logic = 1)
  Source:            oport/output_00_7 (FF)
  Destination:       output00<7> (PAD)
  Source Clock:      XLXN_5 rising

  Data Path: oport/output_00_7 to output00<7>
                                Gate     Net
    Cell:in->out      fanout   Delay   Delay  Logical Name (Net Name)
    ----------------------------------------  ------------
     FDCE:C->Q             1   0.591   0.420  oport/output_00_7 (oport/output_00_7)
     OBUF:I->O                 3.272          output00_7_OBUF (output00<7>)
    ----------------------------------------
    Total                      4.283ns (3.863ns logic, 0.420ns route)
                                       (90.2% logic, 9.8% route)

=========================================================================


Total REAL time to Xst completion: 4.00 secs
Total CPU time to Xst completion: 3.29 secs
 
--> 


Total memory usage is 527896 kilobytes

Number of errors   :    0 (   0 filtered)
Number of warnings :  133 (   0 filtered)
Number of infos    :    1 (   0 filtered)

