ISim log file
Running: /home/leon/Documents/Code/sistemas-empotrados-S6/ISE/Practica2/main_isim_beh.exe -intstyle ise -gui -tclbatch isim.cmd -wdb /home/leon/Documents/Code/sistemas-empotrados-S6/ISE/Practica2/main_isim_beh.wdb 
ISim P.20131013 (signature 0xfbc00daa)
WARNING: A WEBPACK license was found.
WARNING: Please use Xilinx License Configuration Manager to check out a full ISim license.
WARNING: ISim will run in Lite mode. Please refer to the ISim documentation for more information on the differences between the Lite and the Full version.
This is a Lite version of ISim.
Time resolution is 1 ps
# onerror resume
# wave add /
# isim force add /main/clk 0 -radix bin -value 1 -radix bin -time 5 ns -repeat 10 ns
# isim force add /main/rst 1 -radix bin
# run 20ns
Simulator is doing circuit initialization process.
Finished circuit initialization process.
# isim force add /main/input 00000000 -radix bin
# isim force add /main/rst 0 -radix bin
# run 20ns
# run 20ns
# run 30ms
# run 10ms
# run 1ms
# run 1ms
# run 1ms
# isim force add /main/input 38 -radix hex
# isim force add /main/input 38 -radix hex
# run 35ms
# run 10ms
# run 28ms
# exit 0
