Command line:
   todo_isim_beh.exe
     -simmode  gui
     -simrunnum  0
     -socket  56823

Wed Jan 24 07:47:07 2024


 Elaboration Time: 0.1 sec

 Current Memory Usage: 189.706 Meg

 Total Signals          : 1658
 Total Nets             : 1519
 Total Signal Drivers   : 418
 Total Blocks           : 419
 Total Primitive Blocks : 312
 Total Processes        : 410
 Total Traceable Variables  : 591
 Total Scalar Nets and Variables : 28037
Total Line Count : 1422

 Total Simulation Time: 27.56 sec

 Current Memory Usage: 265.208 Meg

Wed Jan 24 09:24:03 2024

