ISim log file
Running: /home/leon/Documents/Code/sistemas-empotrados-S6/ISE/practica_1/main_isim_beh.exe -intstyle ise -gui -tclbatch isim.cmd -wdb /home/leon/Documents/Code/sistemas-empotrados-S6/ISE/practica_1/main_isim_beh.wdb 
ISim P.20131013 (signature 0xfbc00daa)
WARNING: A WEBPACK license was found.
WARNING: Please use Xilinx License Configuration Manager to check out a full ISim license.
WARNING: ISim will run in Lite mode. Please refer to the ISim documentation for more information on the differences between the Lite and the Full version.
This is a Lite version of ISim.
Time resolution is 1 ps
# onerror resume
# wave add /
# isim force add /main/clk 0 -radix bin -value 1 -radix bin -time 10 ns -repeat 20 ns
# isim force add /main/rst 1 -radix bin
# run 40ns
Simulator is doing circuit initialization process.
at 0 ps, Instance /main/rom/ : Warning: There is an 'U'|'X'|'W'|'Z'|'-' in an arithmetic operand, the result will be 'X'(es).
at 0 ps, Instance /main/rom/ : Warning: CONV_INTEGER: There is an 'U'|'X'|'W'|'Z'|'-' in an arithmetic operand, and it has been converted to 0.
Finished circuit initialization process.
# isim force add /main/rst 0 -radix bin
# run 2600ns
# run 40ns
# run 40ns
# run 40ns
# run 40ns
# run 40ns
# run 40ns
# run 40ns
# run 40ns
# run 40ns
# run 40ns
# run 40ns
# run 40ns
# run 40ns
# run 40ns
# run 40ns
# run 40ns
# run 40ns
# run 40ns
# run 40ns
# run 40ns
# run 40ns
# run 40ns
# run 40ns
# run 40ns
# run 40ns
# run 40ns
# run 40ns
# run 40ns
# run 40ns
# run 40ns
# run 40ns
# run 40ns
# run 40ns
# run 40ns
# run 40ns
# run 40ns
# run 40ns
# run 40ns
# run 40ns
# run 40ns
# run 40ns
# run 40ns
# run 40ns
# run 40ns
# run 40ns
# run 40ns
# run 40ns
# run 40ns
# run 40ns
# run 40ns
# run 40ns
# run 40ns
# run 40ns
# run 40ns
# run 40ns
# run 40ns
# run 40ns
# run 40ns
# run 40ns
# run 40ns
# run 40ns
# run 40ns
# run 40ns
# run 40ns
# run 40ns
# run 40ns
# run 40ns
# run 40ns
# run 40ns
# run 40ns
# run 40ns
# run 40ns
# run 40ns
# run 40ns
# run 40ns
# run 40ns
# run 40ns
# run 40ns
# run 40ns
# run 40ns
# run 40ns
# run 40ns
# run 40ns
# run 40ns
# run 40ns
# run 40ns
# run 40ns
# run 40ns
# run 40ns
# run 40ns
# run 40ns
# run 40ns
# run 40ns
# run 40ns
# run 40ns
# run 40ns
# run 40ns
# run 40ns
# run 40ns
# run 40ns
# run 40ns
# run 40ns
# run 40ns
# run 40ns
# run 40ns
# run 40ns
# run 40ns
# run 40ns
# run 40ns
# run 40ns
# run 40ns
# run 40ns
# run 40ns
# run 40ns
# run 40ns
# run 40ns
# run 40ns
# run 40ns
# run 40ns
# run 40ns
# run 40ns
# run 40ns
# run 40ns
# run 40ns
# run 40ns
# run 40ns
# run 40ns
# run 40ns
# run 40ns
# run 40ns
# run 40ns
# run 40ns
# run 40ns
# run 40ns
# run 40ns
# run 40ns
# run 40ns
# run 40ns
# run 40ns
# run 40ns
# run 40ns
# run 40ns
# run 40ns
# run 40ns
# run 40ns
# run 40ns
# run 40ns
# run 40ns
# run 40ns
# run 40ns
# run 40ns
# run 40ns
# run 40ns
# run 40ns
# run 40ns
# run 40ns
# run 40ns
# run 40ns
# run 40ns
# run 40ns
# run 40ns
# run 40ns
# run 40ns
# run 40ns
# run 40ns
# run 40ns
# run 40ns
# run 40ns
# run 40ns
# run 40ns
# run 40ns
# run 40ns
# run 40ns
# run 40ns
# run 40ns
# run 40ns
# run 40ns
# run 40ns
# run 40ns
# run 40ns
# run 40ns
# run 40ns
# run 40ns
# run 40ns
# run 40ns
# run 40ns
# run 40ns
# run 40ns
# run 40ns
# run 40ns
# run 40ns
# run 40ns
# run 40ns
# run 40ns
# run 40ns
# run 40ns
# run 40ns
# run 40ns
# run 40ns
# run 40ns
# run 40ns
# run 40ns
# run 40ns
# run 40ns
# run 40ns
# run 40ns
# run 40ns
# run 40ns
# run 40ns
# run 40ns
# run 40ns
# run 40ns
# run 40ns
# run 40ns
# run 40ns
# run 800ns
# run 800ns
# run 800ns
# run 800ns
# run 800ns
# run 800ns
# run 800ns
# exit 0
