Command line:
   todo_isim_beh.exe
     -simmode  gui
     -simrunnum  0
     -socket  48993

Mon Feb 12 15:42:12 2024


 Elaboration Time: 0.01 sec

 Current Memory Usage: 189.813 Meg

 Total Signals          : 1673
 Total Nets             : 1549
 Total Signal Drivers   : 424
 Total Blocks           : 420
 Total Primitive Blocks : 313
 Total Processes        : 413
 Total Traceable Variables  : 591
 Total Scalar Nets and Variables : 28067
Total Line Count : 1449

 Total Simulation Time: 0.11 sec

 Current Memory Usage: 265.314 Meg

Mon Feb 12 15:44:04 2024

