Command line:
   todo_isim_beh.exe
     -simmode  gui
     -simrunnum  0
     -socket  38481

Sat Jan 27 15:51:10 2024


 Elaboration Time: 0.02 sec

 Current Memory Usage: 189.731 Meg

 Total Signals          : 1658
 Total Nets             : 1519
 Total Signal Drivers   : 418
 Total Blocks           : 419
 Total Primitive Blocks : 312
 Total Processes        : 410
 Total Traceable Variables  : 591
 Total Scalar Nets and Variables : 28037
Total Line Count : 1422

 Total Simulation Time: 581.61 sec

 Current Memory Usage: 265.232 Meg

Sat Jan 27 16:07:34 2024

